#
# There is insufficient memory for the Java Runtime Environment to continue.
# Native memory allocation (mmap) failed to map 100663296 bytes. Error detail: G1 virtual space
# Possible reasons:
#   The system is out of physical RAM or swap space
#   This process is running with CompressedOops enabled, and the Java Heap may be blocking the growth of the native heap
# Possible solutions:
#   Reduce memory load on the system
#   Increase physical memory or swap space
#   Check if swap backing store is full
#   Decrease Java heap size (-Xmx/-Xms)
#   Decrease number of Java threads
#   Decrease Java thread stack sizes (-Xss)
#   Set larger code cache with -XX:ReservedCodeCacheSize=
#   JVM is running with Unscaled Compressed Oops mode in which the Java heap is
#     placed in the first 4GB address space. The Java Heap base address is the
#     maximum limit for the native heap growth. Please use -XX:HeapBaseMinAddress
#     to set the Java Heap base and to place the Java Heap above 4GB virtual address.
# This output file may be truncated or incomplete.
#
#  Out of Memory Error (os_windows.cpp:3710), pid=37996, tid=39244
#
# JRE version: OpenJDK Runtime Environment Microsoft-11369865 (17.0.15+6) (build 17.0.15+6-LTS)
# Java VM: OpenJDK 64-Bit Server VM Microsoft-11369865 (17.0.15+6-LTS, mixed mode, emulated-client, sharing, tiered, compressed oops, compressed class ptrs, g1 gc, windows-amd64)
# No core dump will be written. Minidumps are not enabled by default on client versions of Windows
#

---------------  S U M M A R Y ------------

Command Line: -XX:TieredStopAtLevel=1 -Dspring.output.ansi.enabled=always -Dcom.sun.management.jmxremote -Dspring.jmx.enabled=true -Dspring.liveBeansView.mbeanDomain -Dspring.application.admin.enabled=true -Dmanagement.endpoints.jmx.exposure.include=* -javaagent:D:\Intelliji\IntelliJ IDEA 2025.1.3\lib\idea_rt.jar=62345 -Dfile.encoding=UTF-8 com.example.camerasurveillancesystem.CameraSurveillanceSystemApplication

Host: AMD Ryzen 7 5800H with Radeon Graphics         , 16 cores, 7G,  Windows 11 , 64 bit Build 26100 (10.0.26100.7705)
Time: Tue Mar 10 10:36:37 2026 SE Asia Standard Time elapsed time: 34.847187 seconds (0d 0h 0m 34s)

---------------  T H R E A D  ---------------

Current thread (0x0000015e70380e80):  VMThread "VM Thread" [stack: 0x0000004263800000,0x0000004263900000] [id=39244]

Stack: [0x0000004263800000,0x0000004263900000]
Native frames: (J=compiled Java code, j=interpreted, Vv=VM code, C=native code)
V  [jvm.dll+0x6887a9]
V  [jvm.dll+0x83f5a8]
V  [jvm.dll+0x841053]
V  [jvm.dll+0x8416c3]
V  [jvm.dll+0x2496ef]
V  [jvm.dll+0x6856e9]
V  [jvm.dll+0x679b7a]
V  [jvm.dll+0x30b0d7]
V  [jvm.dll+0x312646]
V  [jvm.dll+0x36300e]
V  [jvm.dll+0x36324d]
V  [jvm.dll+0x2e236c]
V  [jvm.dll+0x2e0719]
V  [jvm.dll+0x2dfe7c]
V  [jvm.dll+0x322a2b]
V  [jvm.dll+0x845efd]
V  [jvm.dll+0x846c33]
V  [jvm.dll+0x84715f]
V  [jvm.dll+0x847544]
V  [jvm.dll+0x84760e]
V  [jvm.dll+0x7ef2dc]
V  [jvm.dll+0x687687]
C  [ucrtbase.dll+0x37b0]
C  [KERNEL32.DLL+0x2e8d7]
C  [ntdll.dll+0x8c40c]

VM_Operation (0x00000042652fa7b0): G1CollectForAllocation, mode: safepoint, requested by thread 0x0000015e703be230


---------------  P R O C E S S  ---------------

Threads class SMR info:
_java_thread_list=0x0000015e7b3689f0, length=24, elements={
0x0000015e5e551d30, 0x0000015e70387e40, 0x0000015e70389370, 0x0000015e703a2770,
0x0000015e703a3130, 0x0000015e703a6670, 0x0000015e703aad30, 0x0000015e703af740,
0x0000015e703baa80, 0x0000015e703baf90, 0x0000015e703bb4a0, 0x0000015e703bc3d0,
0x0000015e703bb9b0, 0x0000015e703bbec0, 0x0000015e703bc8e0, 0x0000015e703bd810,
0x0000015e703bdd20, 0x0000015e703be230, 0x0000015e76827810, 0x0000015e76825ec0,
0x0000015e76827300, 0x0000015e76828230, 0x0000015e76824a80, 0x0000015e76828740
}

Java Threads: ( => current thread )
  0x0000015e5e551d30 JavaThread "main" [_thread_blocked, id=36660, stack(0x0000004263200000,0x0000004263300000)]
  0x0000015e70387e40 JavaThread "Reference Handler" daemon [_thread_blocked, id=4716, stack(0x0000004263900000,0x0000004263a00000)]
  0x0000015e70389370 JavaThread "Finalizer" daemon [_thread_blocked, id=31968, stack(0x0000004263a00000,0x0000004263b00000)]
  0x0000015e703a2770 JavaThread "Signal Dispatcher" daemon [_thread_blocked, id=38020, stack(0x0000004263b00000,0x0000004263c00000)]
  0x0000015e703a3130 JavaThread "Attach Listener" daemon [_thread_blocked, id=22796, stack(0x0000004263c00000,0x0000004263d00000)]
  0x0000015e703a6670 JavaThread "Service Thread" daemon [_thread_blocked, id=38996, stack(0x0000004263d00000,0x0000004263e00000)]
  0x0000015e703aad30 JavaThread "Monitor Deflation Thread" daemon [_thread_blocked, id=39404, stack(0x0000004263e00000,0x0000004263f00000)]
  0x0000015e703af740 JavaThread "C1 CompilerThread0" daemon [_thread_blocked, id=39716, stack(0x0000004263f00000,0x0000004264000000)]
  0x0000015e703baa80 JavaThread "Sweeper thread" daemon [_thread_blocked, id=35884, stack(0x0000004264000000,0x0000004264100000)]
  0x0000015e703baf90 JavaThread "Common-Cleaner" daemon [_thread_blocked, id=39296, stack(0x0000004264100000,0x0000004264200000)]
  0x0000015e703bb4a0 JavaThread "Monitor Ctrl-Break" daemon [_thread_in_native, id=37388, stack(0x0000004264200000,0x0000004264300000)]
  0x0000015e703bc3d0 JavaThread "Notification Thread" daemon [_thread_blocked, id=33276, stack(0x0000004264300000,0x0000004264400000)]
  0x0000015e703bb9b0 JavaThread "RMI TCP Accept-0" daemon [_thread_in_native, id=33460, stack(0x0000004264400000,0x0000004264500000)]
  0x0000015e703bbec0 JavaThread "RMI TCP Connection(1)-192.168.1.137" daemon [_thread_blocked, id=12068, stack(0x0000004264d00000,0x0000004264e00000)]
  0x0000015e703bc8e0 JavaThread "RMI Scheduler(0)" daemon [_thread_blocked, id=34300, stack(0x0000004264e00000,0x0000004264f00000)]
  0x0000015e703bd810 JavaThread "JMX server connection timeout 28" daemon [_thread_blocked, id=33908, stack(0x0000004264f00000,0x0000004265000000)]
  0x0000015e703bdd20 JavaThread "Thread-0" [_thread_blocked, id=5916, stack(0x0000004265100000,0x0000004265200000)]
  0x0000015e703be230 JavaThread "restartedMain" [_thread_blocked, id=29132, stack(0x0000004265200000,0x0000004265300000)]
  0x0000015e76827810 JavaThread "mysql-cj-abandoned-connection-cleanup" daemon [_thread_blocked, id=39548, stack(0x0000004265500000,0x0000004265600000)]
  0x0000015e76825ec0 JavaThread "RMI TCP Connection(2)-192.168.1.137" daemon [_thread_blocked, id=37144, stack(0x0000004265b00000,0x0000004265c00000)]
  0x0000015e76827300 JavaThread "HikariPool-1 housekeeper" daemon [_thread_blocked, id=39764, stack(0x0000004265c00000,0x0000004265d00000)]
  0x0000015e76828230 JavaThread "Catalina-utility-1" [_thread_blocked, id=32860, stack(0x0000004265f00000,0x0000004266000000)]
  0x0000015e76824a80 JavaThread "Catalina-utility-2" [_thread_blocked, id=38832, stack(0x0000004266000000,0x0000004266100000)]
  0x0000015e76828740 JavaThread "container-0" [_thread_blocked, id=9540, stack(0x0000004266100000,0x0000004266200000)]

Other Threads:
=>0x0000015e70380e80 VMThread "VM Thread" [stack: 0x0000004263800000,0x0000004263900000] [id=39244]
  0x0000015e75e96660 WatcherThread [stack: 0x0000004264c00000,0x0000004264d00000] [id=17220]
  0x0000015e5e5a9860 GCTaskThread "GC Thread#0" [stack: 0x0000004263300000,0x0000004263400000] [id=33540]
  0x0000015e75f5a820 GCTaskThread "GC Thread#1" [stack: 0x0000004264500000,0x0000004264600000] [id=34144]
  0x0000015e75f19d60 GCTaskThread "GC Thread#2" [stack: 0x0000004264600000,0x0000004264700000] [id=30892]
  0x0000015e75f1edc0 GCTaskThread "GC Thread#3" [stack: 0x0000004264700000,0x0000004264800000] [id=39496]
  0x0000015e75f1f080 GCTaskThread "GC Thread#4" [stack: 0x0000004264800000,0x0000004264900000] [id=36652]
  0x0000015e75f62800 GCTaskThread "GC Thread#5" [stack: 0x0000004264900000,0x0000004264a00000] [id=18708]
  0x0000015e75f62ac0 GCTaskThread "GC Thread#6" [stack: 0x0000004264a00000,0x0000004264b00000] [id=15880]
  0x0000015e75f1b810 GCTaskThread "GC Thread#7" [stack: 0x0000004264b00000,0x0000004264c00000] [id=14512]
  0x0000015e762d3c90 GCTaskThread "GC Thread#8" [stack: 0x0000004265000000,0x0000004265100000] [id=36248]
  0x0000015e76567870 GCTaskThread "GC Thread#9" [stack: 0x0000004265300000,0x0000004265400000] [id=37456]
  0x0000015e76567b30 GCTaskThread "GC Thread#10" [stack: 0x0000004265400000,0x0000004265500000] [id=33248]
  0x0000015e771f9180 GCTaskThread "GC Thread#11" [stack: 0x0000004265600000,0x0000004265700000] [id=12384]
  0x0000015e771f7340 GCTaskThread "GC Thread#12" [stack: 0x0000004265700000,0x0000004265800000] [id=11592]
  0x0000015e5e5b8dc0 ConcurrentGCThread "G1 Main Marker" [stack: 0x0000004263400000,0x0000004263500000] [id=8716]
  0x0000015e5c2bc9e0 ConcurrentGCThread "G1 Conc#0" [stack: 0x0000004263500000,0x0000004263600000] [id=39012]
  0x0000015e771fa200 ConcurrentGCThread "G1 Conc#1" [stack: 0x0000004265800000,0x0000004265900000] [id=15868]
  0x0000015e771fad00 ConcurrentGCThread "G1 Conc#2" [stack: 0x0000004265900000,0x0000004265a00000] [id=17588]
  0x0000015e7023a0f0 ConcurrentGCThread "G1 Refine#0" [stack: 0x0000004263600000,0x0000004263700000] [id=38668]
  0x0000015e7023aa20 ConcurrentGCThread "G1 Service" [stack: 0x0000004263700000,0x0000004263800000] [id=37844]

Threads with active compile tasks:

VM state: at safepoint (normal execution)

VM Mutex/Monitor currently owned by a thread:  ([mutex/lock_event])
[0x0000015e5e54db30] Threads_lock - owner thread: 0x0000015e70380e80
[0x0000015e5e54c540] Heap_lock - owner thread: 0x0000015e703be230

Heap address: 0x000000008a400000, size: 1884 MB, Compressed Oops mode: 32-bit

CDS archive(s) mapped at: [0x0000015e00000000-0x0000015e00bb0000-0x0000015e00bb0000), size 12255232, SharedBaseAddress: 0x0000015e00000000, ArchiveRelocationMode: 1.
Compressed class space mapped at: 0x0000015e01000000-0x0000015e41000000, reserved size: 1073741824
Narrow klass base: 0x0000015e00000000, Narrow klass shift: 0, Narrow klass range: 0x100000000

GC Precious Log:
 CPUs: 16 total, 16 available
 Memory: 7528M
 Large Page Support: Disabled
 NUMA Support: Disabled
 Compressed Oops: Enabled (32-bit)
 Heap Region Size: 1M
 Heap Min Capacity: 8M
 Heap Initial Capacity: 118M
 Heap Max Capacity: 1884M
 Pre-touch: Disabled
 Parallel Workers: 13
 Concurrent Workers: 3
 Concurrent Refinement Workers: 13
 Periodic GC: Disabled

Heap:
 garbage-first heap   total 120832K, used 60477K [0x000000008a400000, 0x0000000100000000)
  region size 1024K, 3 young (3072K), 3 survivors (3072K)
 Metaspace       used 82957K, committed 83648K, reserved 1179648K
  class space    used 11983K, committed 12288K, reserved 1048576K

Heap Regions: E=young(eden), S=young(survivor), O=old, HS=humongous(starts), HC=humongous(continues), CS=collection set, F=free, OA=open archive, CA=closed archive, TAMS=top-at-mark-start (previous, next)
|   0|0x000000008a400000, 0x000000008a500000, 0x000000008a500000|100%|HS|  |TAMS 0x000000008a500000, 0x000000008a500000| Complete 
|   1|0x000000008a500000, 0x000000008a600000, 0x000000008a600000|100%| O|  |TAMS 0x000000008a600000, 0x000000008a600000| Untracked 
|   2|0x000000008a600000, 0x000000008a700000, 0x000000008a700000|100%| O|  |TAMS 0x000000008a700000, 0x000000008a700000| Untracked 
|   3|0x000000008a700000, 0x000000008a800000, 0x000000008a800000|100%| O|  |TAMS 0x000000008a800000, 0x000000008a800000| Untracked 
|   4|0x000000008a800000, 0x000000008a900000, 0x000000008a900000|100%| O|  |TAMS 0x000000008a900000, 0x000000008a900000| Untracked 
|   5|0x000000008a900000, 0x000000008aa00000, 0x000000008aa00000|100%| O|  |TAMS 0x000000008aa00000, 0x000000008aa00000| Untracked 
|   6|0x000000008aa00000, 0x000000008ab00000, 0x000000008ab00000|100%| O|  |TAMS 0x000000008ab00000, 0x000000008ab00000| Untracked 
|   7|0x000000008ab00000, 0x000000008ac00000, 0x000000008ac00000|100%| O|  |TAMS 0x000000008ac00000, 0x000000008ac00000| Untracked 
|   8|0x000000008ac00000, 0x000000008ad00000, 0x000000008ad00000|100%| O|  |TAMS 0x000000008ad00000, 0x000000008ad00000| Untracked 
|   9|0x000000008ad00000, 0x000000008ae00000, 0x000000008ae00000|100%| O|  |TAMS 0x000000008ae00000, 0x000000008ae00000| Untracked 
|  10|0x000000008ae00000, 0x000000008af00000, 0x000000008af00000|100%| O|  |TAMS 0x000000008af00000, 0x000000008af00000| Untracked 
|  11|0x000000008af00000, 0x000000008b000000, 0x000000008b000000|100%| O|  |TAMS 0x000000008b000000, 0x000000008b000000| Untracked 
|  12|0x000000008b000000, 0x000000008b100000, 0x000000008b100000|100%| O|  |TAMS 0x000000008b100000, 0x000000008b100000| Untracked 
|  13|0x000000008b100000, 0x000000008b200000, 0x000000008b200000|100%| O|  |TAMS 0x000000008b200000, 0x000000008b200000| Untracked 
|  14|0x000000008b200000, 0x000000008b300000, 0x000000008b300000|100%| O|  |TAMS 0x000000008b300000, 0x000000008b300000| Untracked 
|  15|0x000000008b300000, 0x000000008b400000, 0x000000008b400000|100%| O|  |TAMS 0x000000008b400000, 0x000000008b400000| Untracked 
|  16|0x000000008b400000, 0x000000008b500000, 0x000000008b500000|100%| O|  |TAMS 0x000000008b500000, 0x000000008b500000| Untracked 
|  17|0x000000008b500000, 0x000000008b600000, 0x000000008b600000|100%| O|  |TAMS 0x000000008b600000, 0x000000008b600000| Untracked 
|  18|0x000000008b600000, 0x000000008b700000, 0x000000008b700000|100%| O|  |TAMS 0x000000008b700000, 0x000000008b700000| Untracked 
|  19|0x000000008b700000, 0x000000008b800000, 0x000000008b800000|100%| O|  |TAMS 0x000000008b800000, 0x000000008b800000| Untracked 
|  20|0x000000008b800000, 0x000000008b900000, 0x000000008b900000|100%| O|  |TAMS 0x000000008b900000, 0x000000008b900000| Untracked 
|  21|0x000000008b900000, 0x000000008ba00000, 0x000000008ba00000|100%| O|  |TAMS 0x000000008ba00000, 0x000000008ba00000| Untracked 
|  22|0x000000008ba00000, 0x000000008bb00000, 0x000000008bb00000|100%| O|  |TAMS 0x000000008bb00000, 0x000000008bb00000| Untracked 
|  23|0x000000008bb00000, 0x000000008bb00000, 0x000000008bc00000|  0%| F|  |TAMS 0x000000008bb00000, 0x000000008bb00000| Untracked 
|  24|0x000000008bc00000, 0x000000008bd00000, 0x000000008bd00000|100%| O|  |TAMS 0x000000008bd00000, 0x000000008bd00000| Untracked 
|  25|0x000000008bd00000, 0x000000008be00000, 0x000000008be00000|100%| O|  |TAMS 0x000000008be00000, 0x000000008be00000| Untracked 
|  26|0x000000008be00000, 0x000000008bf00000, 0x000000008bf00000|100%| O|  |TAMS 0x000000008bf00000, 0x000000008bf00000| Untracked 
|  27|0x000000008bf00000, 0x000000008c000000, 0x000000008c000000|100%| O|  |TAMS 0x000000008c000000, 0x000000008c000000| Untracked 
|  28|0x000000008c000000, 0x000000008c100000, 0x000000008c100000|100%| O|  |TAMS 0x000000008c100000, 0x000000008c100000| Untracked 
|  29|0x000000008c100000, 0x000000008c200000, 0x000000008c200000|100%| O|  |TAMS 0x000000008c200000, 0x000000008c200000| Untracked 
|  30|0x000000008c200000, 0x000000008c300000, 0x000000008c300000|100%| O|  |TAMS 0x000000008c300000, 0x000000008c300000| Untracked 
|  31|0x000000008c300000, 0x000000008c400000, 0x000000008c400000|100%| O|  |TAMS 0x000000008c400000, 0x000000008c400000| Untracked 
|  32|0x000000008c400000, 0x000000008c500000, 0x000000008c500000|100%| O|  |TAMS 0x000000008c500000, 0x000000008c500000| Untracked 
|  33|0x000000008c500000, 0x000000008c600000, 0x000000008c600000|100%| O|  |TAMS 0x000000008c600000, 0x000000008c600000| Untracked 
|  34|0x000000008c600000, 0x000000008c700000, 0x000000008c700000|100%| O|  |TAMS 0x000000008c700000, 0x000000008c700000| Untracked 
|  35|0x000000008c700000, 0x000000008c800000, 0x000000008c800000|100%| O|  |TAMS 0x000000008c800000, 0x000000008c800000| Untracked 
|  36|0x000000008c800000, 0x000000008c900000, 0x000000008c900000|100%| O|  |TAMS 0x000000008c900000, 0x000000008c900000| Untracked 
|  37|0x000000008c900000, 0x000000008ca00000, 0x000000008ca00000|100%| O|  |TAMS 0x000000008ca00000, 0x000000008ca00000| Untracked 
|  38|0x000000008ca00000, 0x000000008cb00000, 0x000000008cb00000|100%| O|  |TAMS 0x000000008cb00000, 0x000000008cb00000| Untracked 
|  39|0x000000008cb00000, 0x000000008cc00000, 0x000000008cc00000|100%| O|  |TAMS 0x000000008cc00000, 0x000000008cc00000| Untracked 
|  40|0x000000008cc00000, 0x000000008cd00000, 0x000000008cd00000|100%| O|  |TAMS 0x000000008cd00000, 0x000000008cd00000| Untracked 
|  41|0x000000008cd00000, 0x000000008ce00000, 0x000000008ce00000|100%| O|  |TAMS 0x000000008ce00000, 0x000000008ce00000| Untracked 
|  42|0x000000008ce00000, 0x000000008cf00000, 0x000000008cf00000|100%| O|  |TAMS 0x000000008cf00000, 0x000000008cf00000| Untracked 
|  43|0x000000008cf00000, 0x000000008d000000, 0x000000008d000000|100%| O|  |TAMS 0x000000008d000000, 0x000000008d000000| Untracked 
|  44|0x000000008d000000, 0x000000008d100000, 0x000000008d100000|100%| O|  |TAMS 0x000000008d100000, 0x000000008d100000| Untracked 
|  45|0x000000008d100000, 0x000000008d200000, 0x000000008d200000|100%| O|  |TAMS 0x000000008d200000, 0x000000008d200000| Untracked 
|  46|0x000000008d200000, 0x000000008d300000, 0x000000008d300000|100%| O|  |TAMS 0x000000008d300000, 0x000000008d300000| Untracked 
|  47|0x000000008d300000, 0x000000008d400000, 0x000000008d400000|100%| O|  |TAMS 0x000000008d400000, 0x000000008d400000| Untracked 
|  48|0x000000008d400000, 0x000000008d500000, 0x000000008d500000|100%| O|  |TAMS 0x000000008d500000, 0x000000008d500000| Untracked 
|  49|0x000000008d500000, 0x000000008d600000, 0x000000008d600000|100%| O|  |TAMS 0x000000008d600000, 0x000000008d600000| Untracked 
|  50|0x000000008d600000, 0x000000008d700000, 0x000000008d700000|100%| O|  |TAMS 0x000000008d673400, 0x000000008d700000| Untracked 
|  51|0x000000008d700000, 0x000000008d800000, 0x000000008d800000|100%| O|  |TAMS 0x000000008d700000, 0x000000008d800000| Untracked 
|  52|0x000000008d800000, 0x000000008d900000, 0x000000008d900000|100%| O|  |TAMS 0x000000008d800000, 0x000000008d900000| Untracked 
|  53|0x000000008d900000, 0x000000008da00000, 0x000000008da00000|100%| O|  |TAMS 0x000000008d900000, 0x000000008da00000| Untracked 
|  54|0x000000008da00000, 0x000000008db00000, 0x000000008db00000|100%| O|  |TAMS 0x000000008da00000, 0x000000008db00000| Untracked 
|  55|0x000000008db00000, 0x000000008dc00000, 0x000000008dc00000|100%| O|  |TAMS 0x000000008db00000, 0x000000008dc00000| Untracked 
|  56|0x000000008dc00000, 0x000000008dd00000, 0x000000008dd00000|100%| O|  |TAMS 0x000000008dc00000, 0x000000008dd00000| Untracked 
|  57|0x000000008dd00000, 0x000000008dda8e00, 0x000000008de00000| 65%| O|  |TAMS 0x000000008dd00000, 0x000000008dda8e00| Untracked 
|  58|0x000000008de00000, 0x000000008de00000, 0x000000008df00000|  0%| F|  |TAMS 0x000000008de00000, 0x000000008de00000| Untracked 
|  59|0x000000008df00000, 0x000000008df00000, 0x000000008e000000|  0%| F|  |TAMS 0x000000008df00000, 0x000000008df00000| Untracked 
|  60|0x000000008e000000, 0x000000008e000000, 0x000000008e100000|  0%| F|  |TAMS 0x000000008e000000, 0x000000008e000000| Untracked 
|  61|0x000000008e100000, 0x000000008e100000, 0x000000008e200000|  0%| F|  |TAMS 0x000000008e100000, 0x000000008e100000| Untracked 
|  62|0x000000008e200000, 0x000000008e200000, 0x000000008e300000|  0%| F|  |TAMS 0x000000008e200000, 0x000000008e200000| Untracked 
|  63|0x000000008e300000, 0x000000008e300000, 0x000000008e400000|  0%| F|  |TAMS 0x000000008e300000, 0x000000008e300000| Untracked 
|  64|0x000000008e400000, 0x000000008e400000, 0x000000008e500000|  0%| F|  |TAMS 0x000000008e400000, 0x000000008e400000| Untracked 
|  65|0x000000008e500000, 0x000000008e500000, 0x000000008e600000|  0%| F|  |TAMS 0x000000008e500000, 0x000000008e500000| Untracked 
|  66|0x000000008e600000, 0x000000008e600000, 0x000000008e700000|  0%| F|  |TAMS 0x000000008e600000, 0x000000008e600000| Untracked 
|  67|0x000000008e700000, 0x000000008e700000, 0x000000008e800000|  0%| F|  |TAMS 0x000000008e700000, 0x000000008e700000| Untracked 
|  68|0x000000008e800000, 0x000000008e800000, 0x000000008e900000|  0%| F|  |TAMS 0x000000008e800000, 0x000000008e800000| Untracked 
|  69|0x000000008e900000, 0x000000008e900000, 0x000000008ea00000|  0%| F|  |TAMS 0x000000008e900000, 0x000000008e900000| Untracked 
|  70|0x000000008ea00000, 0x000000008ea00000, 0x000000008eb00000|  0%| F|  |TAMS 0x000000008ea00000, 0x000000008ea00000| Untracked 
|  71|0x000000008eb00000, 0x000000008eb66840, 0x000000008ec00000| 40%| S|CS|TAMS 0x000000008eb00000, 0x000000008eb00000| Complete 
|  72|0x000000008ec00000, 0x000000008ed00000, 0x000000008ed00000|100%| S|CS|TAMS 0x000000008ec00000, 0x000000008ec00000| Complete 
|  73|0x000000008ed00000, 0x000000008ee00000, 0x000000008ee00000|100%| S|CS|TAMS 0x000000008ed00000, 0x000000008ed00000| Complete 
|  74|0x000000008ee00000, 0x000000008ee00000, 0x000000008ef00000|  0%| F|  |TAMS 0x000000008ee00000, 0x000000008ee00000| Untracked 
|  75|0x000000008ef00000, 0x000000008ef00000, 0x000000008f000000|  0%| F|  |TAMS 0x000000008ef00000, 0x000000008ef00000| Untracked 
|  76|0x000000008f000000, 0x000000008f000000, 0x000000008f100000|  0%| F|  |TAMS 0x000000008f000000, 0x000000008f000000| Untracked 
|  77|0x000000008f100000, 0x000000008f100000, 0x000000008f200000|  0%| F|  |TAMS 0x000000008f100000, 0x000000008f100000| Untracked 
|  78|0x000000008f200000, 0x000000008f200000, 0x000000008f300000|  0%| F|  |TAMS 0x000000008f200000, 0x000000008f200000| Untracked 
|  79|0x000000008f300000, 0x000000008f300000, 0x000000008f400000|  0%| F|  |TAMS 0x000000008f300000, 0x000000008f300000| Untracked 
|  80|0x000000008f400000, 0x000000008f400000, 0x000000008f500000|  0%| F|  |TAMS 0x000000008f400000, 0x000000008f400000| Untracked 
|  81|0x000000008f500000, 0x000000008f500000, 0x000000008f600000|  0%| F|  |TAMS 0x000000008f500000, 0x000000008f500000| Untracked 
|  82|0x000000008f600000, 0x000000008f600000, 0x000000008f700000|  0%| F|  |TAMS 0x000000008f600000, 0x000000008f600000| Untracked 
|  83|0x000000008f700000, 0x000000008f700000, 0x000000008f800000|  0%| F|  |TAMS 0x000000008f700000, 0x000000008f700000| Untracked 
|  84|0x000000008f800000, 0x000000008f800000, 0x000000008f900000|  0%| F|  |TAMS 0x000000008f800000, 0x000000008f800000| Untracked 
|  85|0x000000008f900000, 0x000000008f900000, 0x000000008fa00000|  0%| F|  |TAMS 0x000000008f900000, 0x000000008f900000| Untracked 
|  86|0x000000008fa00000, 0x000000008fa00000, 0x000000008fb00000|  0%| F|  |TAMS 0x000000008fa00000, 0x000000008fa00000| Untracked 
|  87|0x000000008fb00000, 0x000000008fb00000, 0x000000008fc00000|  0%| F|  |TAMS 0x000000008fb00000, 0x000000008fb00000| Untracked 
|  88|0x000000008fc00000, 0x000000008fc00000, 0x000000008fd00000|  0%| F|  |TAMS 0x000000008fc00000, 0x000000008fc00000| Untracked 
|  89|0x000000008fd00000, 0x000000008fd00000, 0x000000008fe00000|  0%| F|  |TAMS 0x000000008fd00000, 0x000000008fd00000| Untracked 
|  90|0x000000008fe00000, 0x000000008fe00000, 0x000000008ff00000|  0%| F|  |TAMS 0x000000008fe00000, 0x000000008fe00000| Untracked 
|  91|0x000000008ff00000, 0x000000008ff00000, 0x0000000090000000|  0%| F|  |TAMS 0x000000008ff00000, 0x000000008ff00000| Untracked 
|  92|0x0000000090000000, 0x0000000090000000, 0x0000000090100000|  0%| F|  |TAMS 0x0000000090000000, 0x0000000090000000| Untracked 
|  93|0x0000000090100000, 0x0000000090100000, 0x0000000090200000|  0%| F|  |TAMS 0x0000000090100000, 0x0000000090100000| Untracked 
|  94|0x0000000090200000, 0x0000000090200000, 0x0000000090300000|  0%| F|  |TAMS 0x0000000090200000, 0x0000000090200000| Untracked 
|  95|0x0000000090300000, 0x0000000090300000, 0x0000000090400000|  0%| F|  |TAMS 0x0000000090300000, 0x0000000090300000| Untracked 
|  96|0x0000000090400000, 0x0000000090400000, 0x0000000090500000|  0%| F|  |TAMS 0x0000000090400000, 0x0000000090400000| Untracked 
|  97|0x0000000090500000, 0x0000000090500000, 0x0000000090600000|  0%| F|  |TAMS 0x0000000090500000, 0x0000000090500000| Untracked 
|  98|0x0000000090600000, 0x0000000090600000, 0x0000000090700000|  0%| F|  |TAMS 0x0000000090600000, 0x0000000090600000| Untracked 
|  99|0x0000000090700000, 0x0000000090700000, 0x0000000090800000|  0%| F|  |TAMS 0x0000000090700000, 0x0000000090700000| Untracked 
| 100|0x0000000090800000, 0x0000000090800000, 0x0000000090900000|  0%| F|  |TAMS 0x0000000090800000, 0x0000000090800000| Untracked 
| 101|0x0000000090900000, 0x0000000090900000, 0x0000000090a00000|  0%| F|  |TAMS 0x0000000090900000, 0x0000000090900000| Untracked 
| 102|0x0000000090a00000, 0x0000000090a00000, 0x0000000090b00000|  0%| F|  |TAMS 0x0000000090a00000, 0x0000000090a00000| Untracked 
| 103|0x0000000090b00000, 0x0000000090b00000, 0x0000000090c00000|  0%| F|  |TAMS 0x0000000090b00000, 0x0000000090b00000| Untracked 
| 104|0x0000000090c00000, 0x0000000090c00000, 0x0000000090d00000|  0%| F|  |TAMS 0x0000000090c00000, 0x0000000090c00000| Untracked 
| 105|0x0000000090d00000, 0x0000000090d00000, 0x0000000090e00000|  0%| F|  |TAMS 0x0000000090d00000, 0x0000000090d00000| Untracked 
| 106|0x0000000090e00000, 0x0000000090e00000, 0x0000000090f00000|  0%| F|  |TAMS 0x0000000090e00000, 0x0000000090e00000| Untracked 
| 107|0x0000000090f00000, 0x0000000090f00000, 0x0000000091000000|  0%| F|  |TAMS 0x0000000090f00000, 0x0000000090f00000| Untracked 
| 108|0x0000000091000000, 0x0000000091000000, 0x0000000091100000|  0%| F|  |TAMS 0x0000000091000000, 0x0000000091000000| Untracked 
| 109|0x0000000091100000, 0x0000000091100000, 0x0000000091200000|  0%| F|  |TAMS 0x0000000091100000, 0x0000000091100000| Untracked 
| 110|0x0000000091200000, 0x0000000091200000, 0x0000000091300000|  0%| F|  |TAMS 0x0000000091200000, 0x0000000091200000| Untracked 
| 111|0x0000000091300000, 0x0000000091300000, 0x0000000091400000|  0%| F|  |TAMS 0x0000000091300000, 0x0000000091300000| Untracked 
| 112|0x0000000091400000, 0x0000000091400000, 0x0000000091500000|  0%| F|  |TAMS 0x0000000091400000, 0x0000000091400000| Untracked 
| 113|0x0000000091500000, 0x0000000091500000, 0x0000000091600000|  0%| F|  |TAMS 0x0000000091500000, 0x0000000091500000| Untracked 
| 114|0x0000000091600000, 0x0000000091600000, 0x0000000091700000|  0%| F|  |TAMS 0x0000000091600000, 0x0000000091600000| Untracked 
| 115|0x0000000091700000, 0x0000000091700000, 0x0000000091800000|  0%| F|  |TAMS 0x0000000091700000, 0x0000000091700000| Untracked 
| 116|0x0000000091800000, 0x0000000091800000, 0x0000000091900000|  0%| F|  |TAMS 0x0000000091800000, 0x0000000091800000| Untracked 
| 117|0x0000000091900000, 0x0000000091900000, 0x0000000091a00000|  0%| F|  |TAMS 0x0000000091900000, 0x0000000091900000| Untracked 

Card table byte_map: [0x0000015e69a70000,0x0000015e69e20000] _byte_map_base: 0x0000015e6961e000

Marking Bits (Prev, Next): (CMBitMap*) 0x0000015e5c2ba7a0, (CMBitMap*) 0x0000015e5c2ba7e0
 Prev Bits: [0x0000015e6a1d0000, 0x0000015e6bf40000)
 Next Bits: [0x0000015e6bf40000, 0x0000015e6dcb0000)

Polling page: 0x0000015e5c140000

Metaspace:

Usage:
  Non-class:     69.31 MB used.
      Class:     11.70 MB used.
       Both:     81.01 MB used.

Virtual space:
  Non-class space:      128.00 MB reserved,      69.69 MB ( 54%) committed,  2 nodes.
      Class space:        1.00 GB reserved,      12.00 MB (  1%) committed,  1 nodes.
             Both:        1.12 GB reserved,      81.69 MB (  7%) committed. 

Chunk freelists:
   Non-Class:  9.80 MB
       Class:  3.94 MB
        Both:  13.73 MB

MaxMetaspaceSize: unlimited
CompressedClassSpaceSize: 1.00 GB
Initial GC threshold: 21.00 MB
Current GC threshold: 130.62 MB
CDS: on
MetaspaceReclaimPolicy: balanced
 - commit_granule_bytes: 65536.
 - commit_granule_words: 8192.
 - virtual_space_node_default_size: 8388608.
 - enlarge_chunks_in_place: 1.
 - new_chunks_are_fully_committed: 0.
 - uncommit_free_chunks: 1.
 - use_allocation_guard: 0.
 - handle_deallocations: 1.


Internal statistics:

num_allocs_failed_limit: 9.
num_arena_births: 1058.
num_arena_deaths: 8.
num_vsnodes_births: 3.
num_vsnodes_deaths: 0.
num_space_committed: 1307.
num_space_uncommitted: 0.
num_chunks_returned_to_freelist: 21.
num_chunks_taken_from_freelist: 4263.
num_chunk_merges: 7.
num_chunk_splits: 2972.
num_chunks_enlarged: 2205.
num_inconsistent_stats: 0.

CodeCache: size=49152Kb used=17691Kb max_used=17691Kb free=31461Kb
 bounds [0x0000015e66060000, 0x0000015e671b0000, 0x0000015e69060000]
 total_blobs=11160 nmethods=10377 adapters=709
 compilation: enabled
              stopped_count=0, restarted_count=0
 full_count=0

Compilation events (20 events):
Event: 33.546 Thread 0x0000015e703af740 10378       1       java.io.ObjectStreamClass::getVariantFor (51 bytes)
Event: 33.546 Thread 0x0000015e703af740 nmethod 10378 0x0000015e671a3390 code [0x0000015e671a3540, 0x0000015e671a3738]
Event: 33.546 Thread 0x0000015e703af740 10379       1       java.io.ObjectStreamClass$ClassDataSlot::<init> (15 bytes)
Event: 33.546 Thread 0x0000015e703af740 nmethod 10379 0x0000015e671a3810 code [0x0000015e671a39a0, 0x0000015e671a3ab8]
Event: 33.546 Thread 0x0000015e703af740 10380   !   1       java.rmi.server.UID::<init> (164 bytes)
Event: 33.547 Thread 0x0000015e703af740 nmethod 10380 0x0000015e671a3b10 code [0x0000015e671a3d20, 0x0000015e671a4288]
Event: 33.548 Thread 0x0000015e703af740 10381       1       java.rmi.server.UID::write (31 bytes)
Event: 33.548 Thread 0x0000015e703af740 nmethod 10381 0x0000015e671a4610 code [0x0000015e671a47c0, 0x0000015e671a4928]
Event: 33.572 Thread 0x0000015e703af740 10382       1       java.rmi.server.UID::read (34 bytes)
Event: 33.572 Thread 0x0000015e703af740 nmethod 10382 0x0000015e671a4a10 code [0x0000015e671a4bc0, 0x0000015e671a4d68]
Event: 33.572 Thread 0x0000015e703af740 10383       1       java.rmi.server.UID::<init> (21 bytes)
Event: 33.572 Thread 0x0000015e703af740 nmethod 10383 0x0000015e671a4e90 code [0x0000015e671a5020, 0x0000015e671a50f8]
Event: 33.572 Thread 0x0000015e703af740 10384   !   1       sun.rmi.transport.ObjectTable::getTarget (26 bytes)
Event: 33.573 Thread 0x0000015e703af740 nmethod 10384 0x0000015e671a5190 code [0x0000015e671a5340, 0x0000015e671a5568]
Event: 33.600 Thread 0x0000015e703af740 10385       1       java.lang.invoke.MethodHandle::asCollectorChecks (74 bytes)
Event: 33.601 Thread 0x0000015e703af740 nmethod 10385 0x0000015e671a5710 code [0x0000015e671a5900, 0x0000015e671a5c28]
Event: 33.662 Thread 0x0000015e703af740 10386       1       org.springframework.core.SerializableTypeWrapper$MethodParameterTypeProvider::<init> (59 bytes)
Event: 33.663 Thread 0x0000015e703af740 nmethod 10386 0x0000015e671a5e90 code [0x0000015e671a6060, 0x0000015e671a6378]
Event: 33.682 Thread 0x0000015e703af740 10387       1       org.springframework.core.ResolvableType::forMethodParameter (40 bytes)
Event: 33.682 Thread 0x0000015e703af740 nmethod 10387 0x0000015e671a6490 code [0x0000015e671a6680, 0x0000015e671a69c8]

GC Heap History (20 events):
Event: 20.047 GC heap after
{Heap after GC invocations=20 (full 0):
 garbage-first heap   total 109568K, used 42157K [0x000000008a400000, 0x0000000100000000)
  region size 1024K, 1 young (1024K), 1 survivors (1024K)
 Metaspace       used 62239K, committed 62720K, reserved 1114112K
  class space    used 8911K, committed 9152K, reserved 1048576K
}
Event: 21.497 GC heap before
{Heap before GC invocations=20 (full 0):
 garbage-first heap   total 109568K, used 90285K [0x000000008a400000, 0x0000000100000000)
  region size 1024K, 48 young (49152K), 1 survivors (1024K)
 Metaspace       used 66704K, committed 67264K, reserved 1114112K
  class space    used 9550K, committed 9792K, reserved 1048576K
}
Event: 21.500 GC heap after
{Heap after GC invocations=21 (full 0):
 garbage-first heap   total 109568K, used 43882K [0x000000008a400000, 0x0000000100000000)
  region size 1024K, 3 young (3072K), 3 survivors (3072K)
 Metaspace       used 66704K, committed 67264K, reserved 1114112K
  class space    used 9550K, committed 9792K, reserved 1048576K
}
Event: 22.513 GC heap before
{Heap before GC invocations=21 (full 0):
 garbage-first heap   total 109568K, used 89962K [0x000000008a400000, 0x0000000100000000)
  region size 1024K, 48 young (49152K), 3 survivors (3072K)
 Metaspace       used 72760K, committed 73408K, reserved 1114112K
  class space    used 10610K, committed 10944K, reserved 1048576K
}
Event: 22.519 GC heap after
{Heap after GC invocations=22 (full 0):
 garbage-first heap   total 109568K, used 47565K [0x000000008a400000, 0x0000000100000000)
  region size 1024K, 6 young (6144K), 6 survivors (6144K)
 Metaspace       used 72760K, committed 73408K, reserved 1114112K
  class space    used 10610K, committed 10944K, reserved 1048576K
}
Event: 28.861 GC heap before
{Heap before GC invocations=22 (full 0):
 garbage-first heap   total 109568K, used 89549K [0x000000008a400000, 0x0000000100000000)
  region size 1024K, 47 young (48128K), 6 survivors (6144K)
 Metaspace       used 75394K, committed 76032K, reserved 1114112K
  class space    used 10991K, committed 11264K, reserved 1048576K
}
Event: 28.870 GC heap after
{Heap after GC invocations=23 (full 0):
 garbage-first heap   total 109568K, used 49081K [0x000000008a400000, 0x0000000100000000)
  region size 1024K, 3 young (3072K), 3 survivors (3072K)
 Metaspace       used 75394K, committed 76032K, reserved 1114112K
  class space    used 10991K, committed 11264K, reserved 1048576K
}
Event: 30.000 GC heap before
{Heap before GC invocations=23 (full 0):
 garbage-first heap   total 109568K, used 90041K [0x000000008a400000, 0x0000000100000000)
  region size 1024K, 43 young (44032K), 3 survivors (3072K)
 Metaspace       used 77466K, committed 78080K, reserved 1179648K
  class space    used 11287K, committed 11584K, reserved 1048576K
}
Event: 30.005 GC heap after
{Heap after GC invocations=24 (full 0):
 garbage-first heap   total 109568K, used 51778K [0x000000008a400000, 0x0000000100000000)
  region size 1024K, 5 young (5120K), 5 survivors (5120K)
 Metaspace       used 77466K, committed 78080K, reserved 1179648K
  class space    used 11287K, committed 11584K, reserved 1048576K
}
Event: 30.583 GC heap before
{Heap before GC invocations=24 (full 0):
 garbage-first heap   total 109568K, used 90690K [0x000000008a400000, 0x0000000100000000)
  region size 1024K, 43 young (44032K), 5 survivors (5120K)
 Metaspace       used 77964K, committed 78656K, reserved 1179648K
  class space    used 11320K, committed 11648K, reserved 1048576K
}
Event: 30.589 GC heap after
{Heap after GC invocations=25 (full 0):
 garbage-first heap   total 109568K, used 53308K [0x000000008a400000, 0x0000000100000000)
  region size 1024K, 5 young (5120K), 5 survivors (5120K)
 Metaspace       used 77964K, committed 78656K, reserved 1179648K
  class space    used 11320K, committed 11648K, reserved 1048576K
}
Event: 31.017 GC heap before
{Heap before GC invocations=25 (full 0):
 garbage-first heap   total 109568K, used 90172K [0x000000008a400000, 0x0000000100000000)
  region size 1024K, 41 young (41984K), 5 survivors (5120K)
 Metaspace       used 78294K, committed 78976K, reserved 1179648K
  class space    used 11345K, committed 11648K, reserved 1048576K
}
Event: 31.023 GC heap after
{Heap after GC invocations=26 (full 0):
 garbage-first heap   total 109568K, used 55070K [0x000000008a400000, 0x0000000100000000)
  region size 1024K, 4 young (4096K), 4 survivors (4096K)
 Metaspace       used 78294K, committed 78976K, reserved 1179648K
  class space    used 11345K, committed 11648K, reserved 1048576K
}
Event: 31.851 GC heap before
{Heap before GC invocations=26 (full 0):
 garbage-first heap   total 109568K, used 90910K [0x000000008a400000, 0x0000000100000000)
  region size 1024K, 39 young (39936K), 4 survivors (4096K)
 Metaspace       used 79482K, committed 80192K, reserved 1179648K
  class space    used 11458K, committed 11776K, reserved 1048576K
}
Event: 31.859 GC heap after
{Heap after GC invocations=27 (full 0):
 garbage-first heap   total 109568K, used 57104K [0x000000008a400000, 0x0000000100000000)
  region size 1024K, 4 young (4096K), 4 survivors (4096K)
 Metaspace       used 79482K, committed 80192K, reserved 1179648K
  class space    used 11458K, committed 11776K, reserved 1048576K
}
Event: 32.797 GC heap before
{Heap before GC invocations=28 (full 0):
 garbage-first heap   total 109568K, used 91920K [0x000000008a400000, 0x0000000100000000)
  region size 1024K, 38 young (38912K), 4 survivors (4096K)
 Metaspace       used 81044K, committed 81792K, reserved 1179648K
  class space    used 11694K, committed 12032K, reserved 1048576K
}
Event: 32.802 GC heap after
{Heap after GC invocations=29 (full 0):
 garbage-first heap   total 109568K, used 58707K [0x000000008a400000, 0x0000000100000000)
  region size 1024K, 4 young (4096K), 4 survivors (4096K)
 Metaspace       used 81044K, committed 81792K, reserved 1179648K
  class space    used 11694K, committed 12032K, reserved 1048576K
}
Event: 32.856 GC heap before
{Heap before GC invocations=29 (full 0):
 garbage-first heap   total 109568K, used 59731K [0x000000008a400000, 0x0000000100000000)
  region size 1024K, 5 young (5120K), 4 survivors (4096K)
 Metaspace       used 81237K, committed 81920K, reserved 1179648K
  class space    used 11726K, committed 12032K, reserved 1048576K
}
Event: 32.861 GC heap after
{Heap after GC invocations=30 (full 0):
 garbage-first heap   total 109568K, used 58726K [0x000000008a400000, 0x0000000100000000)
  region size 1024K, 1 young (1024K), 1 survivors (1024K)
 Metaspace       used 81237K, committed 81920K, reserved 1179648K
  class space    used 11726K, committed 12032K, reserved 1048576K
}
Event: 33.690 GC heap before
{Heap before GC invocations=30 (full 0):
 garbage-first heap   total 109568K, used 91494K [0x000000008a400000, 0x0000000100000000)
  region size 1024K, 33 young (33792K), 1 survivors (1024K)
 Metaspace       used 82957K, committed 83648K, reserved 1179648K
  class space    used 11983K, committed 12288K, reserved 1048576K
}

Dll operation events (16 events):
Event: 0.057 Loaded shared library C:\Users\tann2\.jdks\ms-17.0.15\bin\java.dll
Event: 0.113 Loaded shared library C:\Users\tann2\.jdks\ms-17.0.15\bin\jsvml.dll
Event: 0.646 Loaded shared library C:\Users\tann2\.jdks\ms-17.0.15\bin\zip.dll
Event: 0.651 Loaded shared library C:\Users\tann2\.jdks\ms-17.0.15\bin\instrument.dll
Event: 0.662 Loaded shared library C:\Users\tann2\.jdks\ms-17.0.15\bin\net.dll
Event: 0.666 Loaded shared library C:\Users\tann2\.jdks\ms-17.0.15\bin\nio.dll
Event: 0.670 Loaded shared library C:\Users\tann2\.jdks\ms-17.0.15\bin\zip.dll
Event: 0.785 Loaded shared library C:\Users\tann2\.jdks\ms-17.0.15\bin\jimage.dll
Event: 1.450 Loaded shared library C:\Users\tann2\.jdks\ms-17.0.15\bin\extnet.dll
Event: 1.521 Loaded shared library C:\Users\tann2\.jdks\ms-17.0.15\bin\management.dll
Event: 1.554 Loaded shared library C:\Users\tann2\.jdks\ms-17.0.15\bin\management_ext.dll
Event: 5.736 Loaded shared library C:\Users\tann2\.jdks\ms-17.0.15\bin\sunmscapi.dll
Event: 11.939 Loaded shared library C:\Users\tann2\.jdks\ms-17.0.15\bin\verify.dll
Event: 26.515 Loaded shared library C:\Users\tann2\AppData\Local\Temp\opencv_openpnp6739067550840486934\nu\pattern\opencv\windows\x86_64\opencv_java470.dll
Event: 28.476 Loaded shared library C:\Users\tann2\AppData\Local\Temp\onnxruntime-java6799598541522601817\onnxruntime.dll
Event: 28.486 Loaded shared library C:\Users\tann2\AppData\Local\Temp\onnxruntime-java6799598541522601817\onnxruntime4j_jni.dll

Deoptimization events (12 events):
Event: 7.229 Thread 0x0000015e703be230 DEOPT PACKING pc=0x0000015e666af46c sp=0x00000042652fe100
Event: 7.229 Thread 0x0000015e703be230 DEOPT UNPACKING pc=0x0000015e660b7143 sp=0x00000042652fd5a0 mode 0
Event: 14.165 Thread 0x0000015e703be230 DEOPT PACKING pc=0x0000015e66554b92 sp=0x00000042652f8d30
Event: 14.165 Thread 0x0000015e703be230 DEOPT UNPACKING pc=0x0000015e660b7143 sp=0x00000042652f8238 mode 3
Event: 14.166 Thread 0x0000015e703be230 DEOPT PACKING pc=0x0000015e6653aa8d sp=0x00000042652f8cf0
Event: 14.166 Thread 0x0000015e703be230 DEOPT UNPACKING pc=0x0000015e660b7143 sp=0x00000042652f8238 mode 3
Event: 21.616 Thread 0x0000015e703be230 DEOPT PACKING pc=0x0000015e664f5d9c sp=0x00000042652fab70
Event: 21.616 Thread 0x0000015e703be230 DEOPT UNPACKING pc=0x0000015e660b7143 sp=0x00000042652fa0c8 mode 0
Event: 32.696 Thread 0x0000015e703be230 DEOPT PACKING pc=0x0000015e670eed2c sp=0x00000042652fc2d0
Event: 32.696 Thread 0x0000015e703be230 DEOPT UNPACKING pc=0x0000015e660b7143 sp=0x00000042652fb898 mode 0
Event: 32.902 Thread 0x0000015e703be230 DEOPT PACKING pc=0x0000015e670eed2c sp=0x00000042652fd900
Event: 32.902 Thread 0x0000015e703be230 DEOPT UNPACKING pc=0x0000015e660b7143 sp=0x00000042652fcec8 mode 0

Classes loaded (20 events):
Event: 31.269 Loading class javax/crypto/SecretKeyFactorySpi
Event: 31.269 Loading class javax/crypto/SecretKeyFactorySpi done
Event: 31.269 Loading class com/sun/crypto/provider/PBKDF2Core done
Event: 31.269 Loading class com/sun/crypto/provider/PBKDF2Core$HmacSHA256 done
Event: 32.306 Loading class jdk/internal/vm/annotation/ForceInline
Event: 32.307 Loading class jdk/internal/vm/annotation/ForceInline done
Event: 32.347 Loading class java/time/DurationEditor
Event: 32.347 Loading class java/time/DurationEditor done
Event: 32.530 Loading class java/util/Collections$SynchronizedRandomAccessList
Event: 32.531 Loading class java/util/Collections$SynchronizedList
Event: 32.531 Loading class java/util/Collections$SynchronizedList done
Event: 32.531 Loading class java/util/Collections$SynchronizedRandomAccessList done
Event: 33.047 Loading class java/util/Comparators$NullComparator
Event: 33.048 Loading class java/util/Comparators$NullComparator done
Event: 33.048 Loading class java/util/EnumMap$Values
Event: 33.048 Loading class java/util/EnumMap$Values done
Event: 33.048 Loading class java/util/EnumMap$ValueIterator
Event: 33.048 Loading class java/util/EnumMap$ValueIterator done
Event: 33.202 Loading class sun/reflect/annotation/TypeAnnotation$TypeAnnotationTargetInfo
Event: 33.202 Loading class sun/reflect/annotation/TypeAnnotation$TypeAnnotationTargetInfo done

Classes unloaded (4 events):
Event: 31.906 Thread 0x0000015e70380e80 Unloading class 0x0000015e01b50800 'jdk/internal/reflect/GeneratedSerializationConstructorAccessor29'
Event: 31.906 Thread 0x0000015e70380e80 Unloading class 0x0000015e01b4c400 'jdk/internal/reflect/GeneratedSerializationConstructorAccessor28'
Event: 31.906 Thread 0x0000015e70380e80 Unloading class 0x0000015e01aec400 'jdk/internal/reflect/GeneratedSerializationConstructorAccessor27'
Event: 31.906 Thread 0x0000015e70380e80 Unloading class 0x0000015e01aec000 'jdk/internal/reflect/GeneratedSerializationConstructorAccessor26'

Classes redefined (0 events):
No events

Internal exceptions (20 events):
Event: 22.792 Thread 0x0000015e703be230 Exception <a 'java/lang/NoSuchMethodError'{0x000000008f5acd38}: 'long java.lang.invoke.DirectMethodHandle$Holder.invokeVirtual(java.lang.Object, java.lang.Object)'> (0x000000008f5acd38) 
thrown [s\src\hotspot\share\interpreter\linkResolver.cpp, line 759]
Event: 22.798 Thread 0x0000015e703be230 Exception <a 'java/io/FileNotFoundException'{0x000000008f5dd320}> (0x000000008f5dd320) 
thrown [s\src\hotspot\share\prims\jni.cpp, line 516]
Event: 23.304 Thread 0x0000015e703be230 Exception <a 'sun/nio/fs/WindowsException'{0x000000008f169950}> (0x000000008f169950) 
thrown [s\src\hotspot\share\prims\jni.cpp, line 516]
Event: 23.305 Thread 0x0000015e703be230 Exception <a 'sun/nio/fs/WindowsException'{0x000000008f16a118}> (0x000000008f16a118) 
thrown [s\src\hotspot\share\prims\jni.cpp, line 516]
Event: 23.305 Thread 0x0000015e703be230 Exception <a 'sun/nio/fs/WindowsException'{0x000000008f16a840}> (0x000000008f16a840) 
thrown [s\src\hotspot\share\prims\jni.cpp, line 516]
Event: 23.305 Thread 0x0000015e703be230 Exception <a 'sun/nio/fs/WindowsException'{0x000000008f16af50}> (0x000000008f16af50) 
thrown [s\src\hotspot\share\prims\jni.cpp, line 516]
Event: 23.305 Thread 0x0000015e703be230 Exception <a 'sun/nio/fs/WindowsException'{0x000000008f16b648}> (0x000000008f16b648) 
thrown [s\src\hotspot\share\prims\jni.cpp, line 516]
Event: 23.305 Thread 0x0000015e703be230 Exception <a 'sun/nio/fs/WindowsException'{0x000000008f16bd38}> (0x000000008f16bd38) 
thrown [s\src\hotspot\share\prims\jni.cpp, line 516]
Event: 28.732 Thread 0x0000015e703be230 Exception <a 'java/lang/reflect/InvocationTargetException'{0x000000008ebb8460}> (0x000000008ebb8460) 
thrown [s\src\hotspot\share\runtime\reflection.cpp, line 1128]
Event: 28.735 Thread 0x0000015e703be230 Exception <a 'java/lang/reflect/InvocationTargetException'{0x000000008ebc3468}> (0x000000008ebc3468) 
thrown [s\src\hotspot\share\runtime\reflection.cpp, line 1128]
Event: 28.769 Thread 0x0000015e703be230 Exception <a 'java/lang/reflect/InvocationTargetException'{0x000000008e9da1d8}> (0x000000008e9da1d8) 
thrown [s\src\hotspot\share\runtime\reflection.cpp, line 1128]
Event: 28.771 Thread 0x0000015e703be230 Exception <a 'java/lang/reflect/InvocationTargetException'{0x000000008e9e9670}> (0x000000008e9e9670) 
thrown [s\src\hotspot\share\runtime\reflection.cpp, line 1128]
Event: 28.845 Thread 0x0000015e703be230 Exception <a 'java/lang/IncompatibleClassChangeError'{0x000000008e689818}: Found class java.lang.Object, but interface was expected> (0x000000008e689818) 
thrown [s\src\hotspot\share\interpreter\linkResolver.cpp, line 826]
Event: 28.916 Thread 0x0000015e703be230 Exception <a 'java/lang/NoSuchMethodError'{0x0000000090d48620}: 'java.lang.Object java.lang.invoke.DirectMethodHandle$Holder.invokeInterface(java.lang.Object, java.lang.Object, java.lang.Object, java.lang.Object)'> (0x0000000090d48620) 
thrown [s\src\hotspot\share\interpreter\linkResolver.cpp, line 759]
Event: 29.592 Thread 0x0000015e703be230 Exception <a 'java/lang/reflect/InvocationTargetException'{0x000000008fcb2160}> (0x000000008fcb2160) 
thrown [s\src\hotspot\share\runtime\reflection.cpp, line 1128]
Event: 29.602 Thread 0x0000015e703be230 Exception <a 'java/lang/reflect/InvocationTargetException'{0x000000008fb071f8}> (0x000000008fb071f8) 
thrown [s\src\hotspot\share\runtime\reflection.cpp, line 1128]
Event: 29.625 Thread 0x0000015e703be230 Exception <a 'java/lang/reflect/InvocationTargetException'{0x000000008f949e90}> (0x000000008f949e90) 
thrown [s\src\hotspot\share\runtime\reflection.cpp, line 1128]
Event: 32.000 Thread 0x0000015e703be230 Exception <a 'java/io/FileNotFoundException'{0x0000000090bda518}> (0x0000000090bda518) 
thrown [s\src\hotspot\share\prims\jni.cpp, line 516]
Event: 32.001 Thread 0x0000015e703be230 Exception <a 'java/io/FileNotFoundException'{0x0000000090be5aa8}> (0x0000000090be5aa8) 
thrown [s\src\hotspot\share\prims\jni.cpp, line 516]
Event: 33.450 Thread 0x0000015e703be230 Exception <a 'java/lang/IncompatibleClassChangeError'{0x000000008f3348f0}: Found class java.lang.Object, but interface was expected> (0x000000008f3348f0) 
thrown [s\src\hotspot\share\interpreter\linkResolver.cpp, line 826]

VM Operations (20 events):
Event: 31.268 Executing VM operation: HandshakeAllThreads done
Event: 31.851 Executing VM operation: G1CollectForAllocation
Event: 31.860 Executing VM operation: G1CollectForAllocation done
Event: 31.906 Executing VM operation: G1PauseRemark
Event: 31.941 Executing VM operation: G1PauseRemark done
Event: 31.958 Executing VM operation: G1PauseCleanup
Event: 31.959 Executing VM operation: G1PauseCleanup done
Event: 32.378 Executing VM operation: HandshakeAllThreads
Event: 32.378 Executing VM operation: HandshakeAllThreads done
Event: 32.797 Executing VM operation: G1CollectForAllocation
Event: 32.802 Executing VM operation: G1CollectForAllocation done
Event: 32.855 Executing VM operation: G1CollectForAllocation
Event: 32.861 Executing VM operation: G1CollectForAllocation done
Event: 33.132 Executing VM operation: HandshakeAllThreads
Event: 33.132 Executing VM operation: HandshakeAllThreads done
Event: 33.169 Executing VM operation: HandshakeAllThreads
Event: 33.169 Executing VM operation: HandshakeAllThreads done
Event: 33.171 Executing VM operation: HandshakeAllThreads
Event: 33.171 Executing VM operation: HandshakeAllThreads done
Event: 33.690 Executing VM operation: G1CollectForAllocation

Memory protections (0 events):
No events

Nmethod flushes (0 events):
No events

Events (20 events):
Event: 28.875 Thread 0x0000015e703bbec0 Thread added: 0x0000015e7682aab0
Event: 28.880 Thread 0x0000015e7682aab0 Thread exited: 0x0000015e7682aab0
Event: 29.390 Thread 0x0000015e703bbec0 Thread added: 0x0000015e76829b80
Event: 29.399 Thread 0x0000015e76829b80 Thread exited: 0x0000015e76829b80
Event: 29.916 Thread 0x0000015e76825ec0 Thread added: 0x0000015e76829160
Event: 29.924 Thread 0x0000015e76829160 Thread exited: 0x0000015e76829160
Event: 30.438 Thread 0x0000015e703bbec0 Thread added: 0x0000015e76829b80
Event: 30.443 Thread 0x0000015e76829b80 Thread exited: 0x0000015e76829b80
Event: 30.953 Thread 0x0000015e703bbec0 Thread added: 0x0000015e7682b9e0
Event: 30.960 Thread 0x0000015e7682b9e0 Thread exited: 0x0000015e7682b9e0
Event: 31.478 Thread 0x0000015e703bbec0 Thread added: 0x0000015e7682a5a0
Event: 31.487 Thread 0x0000015e7682a5a0 Thread exited: 0x0000015e7682a5a0
Event: 31.991 Thread 0x0000015e703bbec0 Thread added: 0x0000015e76829160
Event: 31.997 Thread 0x0000015e76829160 Thread exited: 0x0000015e76829160
Event: 32.504 Thread 0x0000015e703bbec0 Thread added: 0x0000015e76829160
Event: 32.514 Thread 0x0000015e76829160 Thread exited: 0x0000015e76829160
Event: 33.023 Thread 0x0000015e703bbec0 Thread added: 0x0000015e76829670
Event: 33.028 Thread 0x0000015e76829670 Thread exited: 0x0000015e76829670
Event: 33.544 Thread 0x0000015e703bbec0 Thread added: 0x0000015e7682b9e0
Event: 33.575 Thread 0x0000015e7682b9e0 Thread exited: 0x0000015e7682b9e0


Dynamic libraries:
0x00007ff6de4a0000 - 0x00007ff6de4ae000 	C:\Users\tann2\.jdks\ms-17.0.15\bin\java.exe
0x00007ff93bc00000 - 0x00007ff93be68000 	C:\WINDOWS\SYSTEM32\ntdll.dll
0x00007ff93b350000 - 0x00007ff93b419000 	C:\WINDOWS\System32\KERNEL32.DLL
0x00007ff9392e0000 - 0x00007ff9396d1000 	C:\WINDOWS\System32\KERNELBASE.dll
0x00007ff9397a0000 - 0x00007ff9398eb000 	C:\WINDOWS\System32\ucrtbase.dll
0x00007ff935c50000 - 0x00007ff935c67000 	C:\Users\tann2\.jdks\ms-17.0.15\bin\jli.dll
0x00007ff932b20000 - 0x00007ff932b3d000 	C:\Users\tann2\.jdks\ms-17.0.15\bin\VCRUNTIME140.dll
0x00007ff9399a0000 - 0x00007ff939b66000 	C:\WINDOWS\System32\USER32.dll
0x00007ff917ec0000 - 0x00007ff918153000 	C:\WINDOWS\WinSxS\amd64_microsoft.windows.common-controls_6595b64144ccf1df_6.0.26100.7824_none_3e0870b2e3345462\COMCTL32.dll
0x00007ff939130000 - 0x00007ff939157000 	C:\WINDOWS\System32\win32u.dll
0x00007ff93b0a0000 - 0x00007ff93b149000 	C:\WINDOWS\System32\msvcrt.dll
0x00007ff93ac00000 - 0x00007ff93ac2b000 	C:\WINDOWS\System32\GDI32.dll
0x00007ff939000000 - 0x00007ff93912b000 	C:\WINDOWS\System32\gdi32full.dll
0x00007ff9398f0000 - 0x00007ff939993000 	C:\WINDOWS\System32\msvcp_win.dll
0x00007ff93b4f0000 - 0x00007ff93b521000 	C:\WINDOWS\System32\IMM32.DLL
0x00007ff932b10000 - 0x00007ff932b1c000 	C:\Users\tann2\.jdks\ms-17.0.15\bin\vcruntime140_1.dll
0x00007ff92c270000 - 0x00007ff92c2fd000 	C:\Users\tann2\.jdks\ms-17.0.15\bin\msvcp140.dll
0x00007ff842170000 - 0x00007ff842de2000 	C:\Users\tann2\.jdks\ms-17.0.15\bin\server\jvm.dll
0x00007ff93a0b0000 - 0x00007ff93a164000 	C:\WINDOWS\System32\ADVAPI32.dll
0x00007ff93b430000 - 0x00007ff93b4d6000 	C:\WINDOWS\System32\sechost.dll
0x00007ff939f40000 - 0x00007ff93a058000 	C:\WINDOWS\System32\RPCRT4.dll
0x00007ff93b630000 - 0x00007ff93b6a4000 	C:\WINDOWS\System32\WS2_32.dll
0x00007ff92ebd0000 - 0x00007ff92ec05000 	C:\WINDOWS\SYSTEM32\WINMM.dll
0x00007ff938340000 - 0x00007ff93839e000 	C:\WINDOWS\SYSTEM32\POWRPROF.dll
0x00007ff92ec10000 - 0x00007ff92ec1b000 	C:\WINDOWS\SYSTEM32\VERSION.dll
0x00007ff938320000 - 0x00007ff938334000 	C:\WINDOWS\SYSTEM32\UMPDC.dll
0x00007ff937280000 - 0x00007ff93729b000 	C:\WINDOWS\SYSTEM32\kernel.appcore.dll
0x00007ff932b00000 - 0x00007ff932b0a000 	C:\Users\tann2\.jdks\ms-17.0.15\bin\jimage.dll
0x00007ff928650000 - 0x00007ff928892000 	C:\WINDOWS\SYSTEM32\DBGHELP.DLL
0x00007ff93ac30000 - 0x00007ff93afb6000 	C:\WINDOWS\System32\combase.dll
0x00007ff93afc0000 - 0x00007ff93b097000 	C:\WINDOWS\System32\OLEAUT32.dll
0x00007ff915850000 - 0x00007ff91588b000 	C:\WINDOWS\SYSTEM32\dbgcore.DLL
0x00007ff938570000 - 0x00007ff938615000 	C:\WINDOWS\System32\bcryptPrimitives.dll
0x00007ff92a500000 - 0x00007ff92a50e000 	C:\Users\tann2\.jdks\ms-17.0.15\bin\instrument.dll
0x00007ff932ad0000 - 0x00007ff932af5000 	C:\Users\tann2\.jdks\ms-17.0.15\bin\java.dll
0x00007ff92a6e0000 - 0x00007ff92a7b6000 	C:\Users\tann2\.jdks\ms-17.0.15\bin\jsvml.dll
0x00007ff93a170000 - 0x00007ff93a8c2000 	C:\WINDOWS\System32\SHELL32.dll
0x00007ff938e90000 - 0x00007ff938ffa000 	C:\WINDOWS\System32\wintypes.dll
0x00007ff938620000 - 0x00007ff938e83000 	C:\WINDOWS\System32\windows.storage.dll
0x00007ff93aa40000 - 0x00007ff93ab36000 	C:\WINDOWS\System32\SHCORE.dll
0x00007ff93b6b0000 - 0x00007ff93b717000 	C:\WINDOWS\System32\shlwapi.dll
0x00007ff938400000 - 0x00007ff938429000 	C:\WINDOWS\SYSTEM32\profapi.dll
0x00007ff92abb0000 - 0x00007ff92abc8000 	C:\Users\tann2\.jdks\ms-17.0.15\bin\zip.dll
0x00007ff92c790000 - 0x00007ff92c7aa000 	C:\Users\tann2\.jdks\ms-17.0.15\bin\net.dll
0x00007ff931ed0000 - 0x00007ff931ff7000 	C:\WINDOWS\SYSTEM32\WINHTTP.dll
0x00007ff9377f0000 - 0x00007ff93785b000 	C:\WINDOWS\system32\mswsock.dll
0x00007ff92abd0000 - 0x00007ff92abe6000 	C:\Users\tann2\.jdks\ms-17.0.15\bin\nio.dll
0x00007ff936d50000 - 0x00007ff936e7c000 	C:\WINDOWS\SYSTEM32\DNSAPI.dll
0x00007ff936cb0000 - 0x00007ff936ce4000 	C:\WINDOWS\SYSTEM32\IPHLPAPI.DLL
0x00007ff93b4e0000 - 0x00007ff93b4ea000 	C:\WINDOWS\System32\NSI.dll
0x00007ff930cb0000 - 0x00007ff930cbb000 	C:\Windows\System32\rasadhlp.dll
0x00007ff92aba0000 - 0x00007ff92aba9000 	C:\Users\tann2\.jdks\ms-17.0.15\bin\extnet.dll
0x00007ff9328e0000 - 0x00007ff932966000 	C:\WINDOWS\System32\fwpuclnt.dll
0x00007ff92a990000 - 0x00007ff92a99a000 	C:\Users\tann2\.jdks\ms-17.0.15\bin\management.dll
0x00007ff92a510000 - 0x00007ff92a51b000 	C:\Users\tann2\.jdks\ms-17.0.15\bin\management_ext.dll
0x00007ff93b720000 - 0x00007ff93b728000 	C:\WINDOWS\System32\PSAPI.DLL
0x00007ff937ad0000 - 0x00007ff937aeb000 	C:\WINDOWS\SYSTEM32\CRYPTSP.dll
0x00007ff9371e0000 - 0x00007ff937219000 	C:\WINDOWS\system32\rsaenh.dll
0x00007ff9378a0000 - 0x00007ff9378cb000 	C:\WINDOWS\SYSTEM32\USERENV.dll
0x00007ff9383d0000 - 0x00007ff9383fa000 	C:\WINDOWS\SYSTEM32\bcrypt.dll
0x00007ff937ac0000 - 0x00007ff937acc000 	C:\WINDOWS\SYSTEM32\CRYPTBASE.dll
0x00007ff932700000 - 0x00007ff93271e000 	C:\WINDOWS\SYSTEM32\dhcpcsvc6.DLL
0x00007ff932660000 - 0x00007ff932683000 	C:\WINDOWS\SYSTEM32\dhcpcsvc.DLL
0x00007ff90a1d0000 - 0x00007ff90a1e8000 	C:\WINDOWS\system32\napinsp.dll
0x00007ff90a190000 - 0x00007ff90a1a2000 	C:\WINDOWS\System32\winrnr.dll
0x00007ff90a160000 - 0x00007ff90a182000 	C:\WINDOWS\system32\nlansp_c.dll
0x00007ff92ff00000 - 0x00007ff92ff16000 	C:\WINDOWS\system32\wshbth.dll
0x00007ff9184f0000 - 0x00007ff918546000 	C:\WINDOWS\SYSTEM32\pdh.dll
0x00007ff9062d0000 - 0x00007ff9062e2000 	C:\WINDOWS\System32\perfproc.dll
0x00007ff908ea0000 - 0x00007ff908eb1000 	C:\WINDOWS\System32\perfos.dll
0x00007ff936940000 - 0x00007ff936952000 	C:\WINDOWS\SYSTEM32\pfclient.dll
0x00007ff92b1a0000 - 0x00007ff92b1ae000 	C:\Users\tann2\.jdks\ms-17.0.15\bin\sunmscapi.dll
0x00007ff939160000 - 0x00007ff9392d7000 	C:\WINDOWS\System32\CRYPT32.dll
0x00007ff937ce0000 - 0x00007ff937d10000 	C:\WINDOWS\SYSTEM32\ncrypt.dll
0x00007ff937c90000 - 0x00007ff937ccf000 	C:\WINDOWS\SYSTEM32\NTASN1.dll
0x00007ff92a4f0000 - 0x00007ff92a500000 	C:\Users\tann2\.jdks\ms-17.0.15\bin\verify.dll
0x00007ff822e00000 - 0x00007ff8296a7000 	C:\Users\tann2\AppData\Local\Temp\opencv_openpnp6739067550840486934\nu\pattern\opencv\windows\x86_64\opencv_java470.dll
0x00007ff93b150000 - 0x00007ff93b2e7000 	C:\WINDOWS\System32\ole32.dll
0x00007ff8f82e0000 - 0x00007ff8f83b7000 	C:\WINDOWS\SYSTEM32\MFReadWrite.dll
0x00007ff930cd0000 - 0x00007ff930eeb000 	C:\WINDOWS\SYSTEM32\MFPlat.DLL
0x00007ff931840000 - 0x00007ff9318d9000 	C:\WINDOWS\SYSTEM32\MF.dll
0x00007ff9360d0000 - 0x00007ff93620c000 	C:\WINDOWS\SYSTEM32\dxgi.dll
0x00007ff935070000 - 0x00007ff9352d2000 	C:\WINDOWS\SYSTEM32\d3d11.dll
0x00007ff938050000 - 0x00007ff9380a7000 	C:\WINDOWS\SYSTEM32\cfgmgr32.dll
0x00007ff9313c0000 - 0x00007ff9317d9000 	C:\WINDOWS\SYSTEM32\MFCORE.DLL
0x00007ff930c00000 - 0x00007ff930c3c000 	C:\WINDOWS\SYSTEM32\RTWorkQ.DLL
0x00007ff8223a0000 - 0x00007ff822df4000 	C:\Users\tann2\AppData\Local\Temp\onnxruntime-java6799598541522601817\onnxruntime.dll
0x00007ff92a4e0000 - 0x00007ff92a4e9000 	C:\WINDOWS\SYSTEM32\MSVCP140_1.dll
0x00007ff92a4c0000 - 0x00007ff92a4d7000 	C:\Users\tann2\AppData\Local\Temp\onnxruntime-java6799598541522601817\onnxruntime4j_jni.dll

dbghelp: loaded successfully - version: 4.0.5 - missing functions: none
symbol engine: initialized successfully - sym options: 0x614 - pdb path: .;C:\Users\tann2\.jdks\ms-17.0.15\bin;C:\WINDOWS\SYSTEM32;C:\WINDOWS\WinSxS\amd64_microsoft.windows.common-controls_6595b64144ccf1df_6.0.26100.7824_none_3e0870b2e3345462;C:\Users\tann2\.jdks\ms-17.0.15\bin\server;C:\Users\tann2\AppData\Local\Temp\opencv_openpnp6739067550840486934\nu\pattern\opencv\windows\x86_64;C:\Users\tann2\AppData\Local\Temp\onnxruntime-java6799598541522601817

VM Arguments:
jvm_args: -XX:TieredStopAtLevel=1 -Dspring.output.ansi.enabled=always -Dcom.sun.management.jmxremote -Dspring.jmx.enabled=true -Dspring.liveBeansView.mbeanDomain -Dspring.application.admin.enabled=true -Dmanagement.endpoints.jmx.exposure.include=* -javaagent:D:\Intelliji\IntelliJ IDEA 2025.1.3\lib\idea_rt.jar=62345 -Dfile.encoding=UTF-8 
java_command: com.example.camerasurveillancesystem.CameraSurveillanceSystemApplication
java_class_path (initial): D:\Camera Surveillance System_one\Camera _Surveillance _System\target\classes;C:\Users\tann2\.m2\repository\org\springframework\boot\spring-boot-starter-web\3.2.5\spring-boot-starter-web-3.2.5.jar;C:\Users\tann2\.m2\repository\org\springframework\boot\spring-boot-starter\3.2.5\spring-boot-starter-3.2.5.jar;C:\Users\tann2\.m2\repository\org\springframework\boot\spring-boot-starter-logging\3.2.5\spring-boot-starter-logging-3.2.5.jar;C:\Users\tann2\.m2\repository\ch\qos\logback\logback-classic\1.4.14\logback-classic-1.4.14.jar;C:\Users\tann2\.m2\repository\ch\qos\logback\logback-core\1.4.14\logback-core-1.4.14.jar;C:\Users\tann2\.m2\repository\org\apache\logging\log4j\log4j-to-slf4j\2.21.1\log4j-to-slf4j-2.21.1.jar;C:\Users\tann2\.m2\repository\org\apache\logging\log4j\log4j-api\2.21.1\log4j-api-2.21.1.jar;C:\Users\tann2\.m2\repository\org\slf4j\jul-to-slf4j\2.0.13\jul-to-slf4j-2.0.13.jar;C:\Users\tann2\.m2\repository\jakarta\annotation\jakarta.annotation-api\2.1.1\jakarta.annotation-api-2.1.1.jar;C:\Users\tann2\.m2\repository\org\yaml\snakeyaml\2.2\snakeyaml-2.2.jar;C:\Users\tann2\.m2\repository\org\springframework\boot\spring-boot-starter-json\3.2.5\spring-boot-starter-json-3.2.5.jar;C:\Users\tann2\.m2\repository\com\fasterxml\jackson\datatype\jackson-datatype-jdk8\2.15.4\jackson-datatype-jdk8-2.15.4.jar;C:\Users\tann2\.m2\repository\com\fasterxml\jackson\datatype\jackson-datatype-jsr310\2.15.4\jackson-datatype-jsr310-2.15.4.jar;C:\Users\tann2\.m2\repository\com\fasterxml\jackson\module\jackson-module-parameter-names\2.15.4\jackson-module-parameter-names-2.15.4.jar;C:\Users\tann2\.m2\repository\org\springframework\boot\spring-boot-starter-tomcat\3.2.5\spring-boot-starter-tomcat-3.2.5.jar;C:\Users\tann2\.m2\repository\org\apache\tomcat\embed\tomcat-embed-core\10.1.20\tomcat-embed-core-10.1.20.jar;C:\Users\tann2\.m2\repository\org\apache\tomcat\embed\tomcat-embed-websocket\10.1.20\tomcat-embed-websocket-10.1.20.jar;C:\Users\tann2\.m2\reposi
Launcher Type: SUN_STANDARD

[Global flags]
     intx CICompilerCount                          = 12                                        {product} {ergonomic}
     uint ConcGCThreads                            = 3                                         {product} {ergonomic}
     uint G1ConcRefinementThreads                  = 13                                        {product} {ergonomic}
   size_t G1HeapRegionSize                         = 1048576                                   {product} {ergonomic}
    uintx GCDrainStackTargetSize                   = 64                                        {product} {ergonomic}
   size_t InitialHeapSize                          = 123731968                                 {product} {ergonomic}
     bool ManagementServer                         = true                                      {product} {command line}
   size_t MarkStackSize                            = 4194304                                   {product} {ergonomic}
   size_t MaxHeapSize                              = 1975517184                                {product} {ergonomic}
   size_t MaxNewSize                               = 1184890880                                {product} {ergonomic}
   size_t MinHeapDeltaBytes                        = 1048576                                   {product} {ergonomic}
   size_t MinHeapSize                              = 8388608                                   {product} {ergonomic}
    uintx NonProfiledCodeHeapSize                  = 0                                      {pd product} {ergonomic}
     bool ProfileInterpreter                       = false                                  {pd product} {command line}
    uintx ProfiledCodeHeapSize                     = 0                                      {pd product} {ergonomic}
   size_t SoftMaxHeapSize                          = 1975517184                             {manageable} {ergonomic}
     intx TieredStopAtLevel                        = 1                                         {product} {command line}
     bool UseCompressedClassPointers               = true                           {product lp64_product} {ergonomic}
     bool UseCompressedOops                        = true                           {product lp64_product} {ergonomic}
     bool UseG1GC                                  = true                                      {product} {ergonomic}
     bool UseLargePagesIndividualAllocation        = false                                  {pd product} {ergonomic}

Logging:
Log output configuration:
 #0: stdout all=warning uptime,level,tags
 #1: stderr all=off uptime,level,tags

Environment Variables:
PATH=C:\Python\Scripts\;C:\Python\;C:\Program Files\Common Files\Oracle\Java\javapath;C:\Windows\system32;C:\Windows;C:\Windows\System32\Wbem;C:\Windows\System32\WindowsPowerShell\v1.0\;C:\Windows\System32\OpenSSH\;C:\Program Files (x86)\NVIDIA Corporation\PhysX\Common;C:\Program Files\NVIDIA Corporation\NVIDIA NvDLISR;C:\WINDOWS\system32;C:\WINDOWS;C:\WINDOWS\System32\Wbem;C:\WINDOWS\System32\WindowsPowerShell\v1.0\;C:\WINDOWS\System32\OpenSSH\;C:\Program Files\dotnet\;C:\Program Files (x86)\Microsoft SQL Server\160\Tools\Binn\;C:\Program Files\Microsoft SQL Server\160\Tools\Binn\;C:\Program Files\Microsoft SQL Server\Client SDK\ODBC\170\Tools\Binn\;C:\Program Files\Microsoft SQL Server\160\DTS\Binn\;C:\Program Files\Docker\Docker\resources\bin;C:\Program Files\Docker\Docker\resources\bin\docker-compose.exe;C:\laragon\bin\php\php-8.3.16-Win32-vs16-x64\;C:\Program Files\Git\cmd;C:\Program Files\Git\bin;C:\Program Files\;C:\Program Files\Microsoft SQL Server\150\Tools\Binn\;D:\apache-maven-3.9.9\bin;C:\Program Files (x86)\GtkSharp\2.12\bin;C:\Program Files\Microsoft SQL Server\130\Tools\Binn\;C:\Users\tann2\AppData\Local\Programs\Python\Python311\Scripts\;C:\Users\tann2\AppData\Local\Programs\Python\Python311\;C:\Users\tann2\AppData\Local\Microsoft\WindowsApps;C:\Users\tann2\AppData\Local\Programs\Microsoft VS Code\bin;C:\Program Files\JetBrains\IntelliJ IDEA Community Edition 2024.3.4\bin;;C:\laragon\bin\php\php-8.3.16-Win32-vs16-x64;C:\Users\tann2\AppData\Local\ComposerSetup\bin;C:\Users\tann2\AppData\Roaming\Composer\vendor\bin;C:\Users\tann2\AppData\Roaming\npm;C:\Users\tann2\AppData\Local\Microsoft\WinGet\Packages\Schniz.fnm_Microsoft.Winget.Source_8wekyb3d8bbwe;D:\apache-maven-3.9.9\bin;;D:\Intelliji\IntelliJ IDEA 2025.1.3\bin;;C:\Python\PyCharm 2025.2.1.1\bin
USERNAME=tann2
OS=Windows_NT
PROCESSOR_IDENTIFIER=AMD64 Family 25 Model 80 Stepping 0, AuthenticAMD
TMP=C:\Users\tann2\AppData\Local\Temp
TEMP=C:\Users\tann2\AppData\Local\Temp



Periodic native trim disabled


---------------  S Y S T E M  ---------------

OS:
 Windows 11 , 64 bit Build 26100 (10.0.26100.7705)
OS uptime: 0 days 1:37 hours
Hyper-V role detected

CPU: total 16 (initial active 16) (16 cores per cpu, 2 threads per core) family 25 model 80 stepping 0 microcode 0xa500011, cx8, cmov, fxsr, ht, mmx, 3dnowpref, sse, sse2, sse3, ssse3, sse4a, sse4.1, sse4.2, popcnt, lzcnt, tsc, tscinvbit, avx, avx2, aes, erms, clmul, bmi1, bmi2, adx, sha, fma, vzeroupper, clflush, clflushopt, hv
Processor Information for processor 0
  Max Mhz: 3201, Current Mhz: 3201, Mhz Limit: 3201
Processor Information for processor 1
  Max Mhz: 3201, Current Mhz: 2555, Mhz Limit: 3201
Processor Information for processor 2
  Max Mhz: 3201, Current Mhz: 2555, Mhz Limit: 3201
Processor Information for processor 3
  Max Mhz: 3201, Current Mhz: 3201, Mhz Limit: 3201
Processor Information for processor 4
  Max Mhz: 3201, Current Mhz: 2555, Mhz Limit: 3201
Processor Information for processor 5
  Max Mhz: 3201, Current Mhz: 3201, Mhz Limit: 3201
Processor Information for processor 6
  Max Mhz: 3201, Current Mhz: 2555, Mhz Limit: 3201
Processor Information for processor 7
  Max Mhz: 3201, Current Mhz: 3201, Mhz Limit: 3201
Processor Information for processor 8
  Max Mhz: 3201, Current Mhz: 3201, Mhz Limit: 3201
Processor Information for processor 9
  Max Mhz: 3201, Current Mhz: 3201, Mhz Limit: 3201
Processor Information for processor 10
  Max Mhz: 3201, Current Mhz: 3201, Mhz Limit: 3201
Processor Information for processor 11
  Max Mhz: 3201, Current Mhz: 2555, Mhz Limit: 3201
Processor Information for processor 12
  Max Mhz: 3201, Current Mhz: 3201, Mhz Limit: 3201
Processor Information for processor 13
  Max Mhz: 3201, Current Mhz: 3201, Mhz Limit: 3201
Processor Information for processor 14
  Max Mhz: 3201, Current Mhz: 3201, Mhz Limit: 3201
Processor Information for processor 15
  Max Mhz: 3201, Current Mhz: 3201, Mhz Limit: 3201

Memory: 4k page, system-wide physical 7528M (46M free)
TotalPageFile size 31080M (AvailPageFile size 81M)
current process WorkingSet (physical memory assigned to process): 270M, peak: 293M
current process commit charge ("private bytes"): 419M, peak: 515M

vm_info: OpenJDK 64-Bit Server VM (17.0.15+6-LTS) for windows-amd64 JRE (17.0.15+6-LTS), built on Apr  9 2025 22:27:25 by "MicrosoftCorporation" with unknown MS VC++:1939

END.
