#
# There is insufficient memory for the Java Runtime Environment to continue.
# Native memory allocation (malloc) failed to allocate 1048576 bytes. Error detail: AllocateHeap
# Possible reasons:
#   The system is out of physical RAM or swap space
#   This process is running with CompressedOops enabled, and the Java Heap may be blocking the growth of the native heap
# Possible solutions:
#   Reduce memory load on the system
#   Increase physical memory or swap space
#   Check if swap backing store is full
#   Decrease Java heap size (-Xmx/-Xms)
#   Decrease number of Java threads
#   Decrease Java thread stack sizes (-Xss)
#   Set larger code cache with -XX:ReservedCodeCacheSize=
#   JVM is running with Unscaled Compressed Oops mode in which the Java heap is
#     placed in the first 4GB address space. The Java Heap base address is the
#     maximum limit for the native heap growth. Please use -XX:HeapBaseMinAddress
#     to set the Java Heap base and to place the Java Heap above 4GB virtual address.
# This output file may be truncated or incomplete.
#
#  Out of Memory Error (allocation.cpp:44), pid=23144, tid=17016
#
# JRE version: OpenJDK Runtime Environment Microsoft-11369865 (17.0.15+6) (build 17.0.15+6-LTS)
# Java VM: OpenJDK 64-Bit Server VM Microsoft-11369865 (17.0.15+6-LTS, mixed mode, emulated-client, sharing, tiered, compressed oops, compressed class ptrs, g1 gc, windows-amd64)
# No core dump will be written. Minidumps are not enabled by default on client versions of Windows
#

---------------  S U M M A R Y ------------

Command Line: -XX:TieredStopAtLevel=1 -Dspring.output.ansi.enabled=always -Dcom.sun.management.jmxremote -Dspring.jmx.enabled=true -Dspring.liveBeansView.mbeanDomain -Dspring.application.admin.enabled=true -Dmanagement.endpoints.jmx.exposure.include=* -javaagent:D:\Intelliji\IntelliJ IDEA 2025.1.3\lib\idea_rt.jar=55968 -Dfile.encoding=UTF-8 com.example.camerasurveillancesystem.CameraSurveillanceSystemApplication

Host: AMD Ryzen 7 5800H with Radeon Graphics         , 16 cores, 7G,  Windows 11 , 64 bit Build 26100 (10.0.26100.7705)
Time: Sun Mar 15 22:17:34 2026 SE Asia Standard Time elapsed time: 498.965362 seconds (0d 0h 8m 18s)

---------------  T H R E A D  ---------------

Current thread (0x00000233d9686740):  VMThread "VM Thread" [stack: 0x000000ffe0300000,0x000000ffe0400000] [id=17016]

Stack: [0x000000ffe0300000,0x000000ffe0400000]
Native frames: (J=compiled Java code, j=interpreted, Vv=VM code, C=native code)
V  [jvm.dll+0x6887a9]
V  [jvm.dll+0x83f5a8]
V  [jvm.dll+0x841053]
V  [jvm.dll+0x8416c3]
V  [jvm.dll+0x2496ef]
V  [jvm.dll+0xa7813]
V  [jvm.dll+0x2fc853]
V  [jvm.dll+0x2f8610]
V  [jvm.dll+0x2e0bef]
V  [jvm.dll+0x322ac7]
V  [jvm.dll+0x845efd]
V  [jvm.dll+0x846c33]
V  [jvm.dll+0x84715f]
V  [jvm.dll+0x847544]
V  [jvm.dll+0x84760e]
V  [jvm.dll+0x7ef2dc]
V  [jvm.dll+0x687687]
C  [ucrtbase.dll+0x37b0]
C  [KERNEL32.DLL+0x2e8d7]
C  [ntdll.dll+0x8c40c]

VM_Operation (0x000000ffe2aff2a0): G1CollectFull, mode: safepoint, requested by thread 0x00000233e1d78bf0


---------------  P R O C E S S  ---------------

Threads class SMR info:
_java_thread_list=0x00000233e1df2270, length=15, elements={
0x00000233d968bc80, 0x00000233d968e650, 0x00000233d96a4070, 0x00000233d96a8950,
0x00000233d96a9310, 0x00000233d96a9cd0, 0x00000233d96b5680, 0x00000233d96bc4b0,
0x00000233de1ac9d0, 0x00000233dedbd620, 0x00000233deea5440, 0x00000233e077cfd0,
0x00000233e3e03cf0, 0x00000233e1d78bf0, 0x00000233e1d7aa50
}

Java Threads: ( => current thread )
  0x00000233d968bc80 JavaThread "Reference Handler" daemon [_thread_blocked, id=7072, stack(0x000000ffe0400000,0x000000ffe0500000)]
  0x00000233d968e650 JavaThread "Finalizer" daemon [_thread_blocked, id=24828, stack(0x000000ffe0500000,0x000000ffe0600000)]
  0x00000233d96a4070 JavaThread "Signal Dispatcher" daemon [_thread_blocked, id=34708, stack(0x000000ffe0600000,0x000000ffe0700000)]
  0x00000233d96a8950 JavaThread "Attach Listener" daemon [_thread_blocked, id=43788, stack(0x000000ffe0700000,0x000000ffe0800000)]
  0x00000233d96a9310 JavaThread "Service Thread" daemon [_thread_blocked, id=31368, stack(0x000000ffe0800000,0x000000ffe0900000)]
  0x00000233d96a9cd0 JavaThread "Monitor Deflation Thread" daemon [_thread_blocked, id=2056, stack(0x000000ffe0900000,0x000000ffe0a00000)]
  0x00000233d96b5680 JavaThread "C1 CompilerThread0" daemon [_thread_blocked, id=38996, stack(0x000000ffe0a00000,0x000000ffe0b00000)]
  0x00000233d96bc4b0 JavaThread "Sweeper thread" daemon [_thread_blocked, id=18812, stack(0x000000ffe0b00000,0x000000ffe0c00000)]
  0x00000233de1ac9d0 JavaThread "Common-Cleaner" daemon [_thread_blocked, id=25508, stack(0x000000ffe0c00000,0x000000ffe0d00000)]
  0x00000233dedbd620 JavaThread "Notification Thread" daemon [_thread_blocked, id=33932, stack(0x000000ffe0e00000,0x000000ffe0f00000)]
  0x00000233deea5440 JavaThread "RMI TCP Accept-0" daemon [_thread_in_native, id=41424, stack(0x000000ffe0f00000,0x000000ffe1000000)]
  0x00000233e077cfd0 JavaThread "mysql-cj-abandoned-connection-cleanup" daemon [_thread_blocked, id=3520, stack(0x000000ffe2100000,0x000000ffe2200000)]
  0x00000233e3e03cf0 JavaThread "DestroyJavaVM" [_thread_blocked, id=21124, stack(0x000000ffdfd00000,0x000000ffdfe00000)]
  0x00000233e1d78bf0 JavaThread "Thread-1" [_thread_blocked, id=27868, stack(0x000000ffe2a00000,0x000000ffe2b00000)]
  0x00000233e1d7aa50 JavaThread "globalEventExecutor-2-2" [_thread_blocked, id=41428, stack(0x000000ffe3800000,0x000000ffe3900000)]

Other Threads:
=>0x00000233d9686740 VMThread "VM Thread" [stack: 0x000000ffe0300000,0x000000ffe0400000] [id=17016]
  0x00000233dee9e6c0 WatcherThread [stack: 0x000000ffe1000000,0x000000ffe1100000] [id=37876]
  0x00000233c7685590 GCTaskThread "GC Thread#0" [stack: 0x000000ffdfe00000,0x000000ffdff00000] [id=26080]
  0x00000233c762d260 GCTaskThread "GC Thread#1" [stack: 0x000000ffe1200000,0x000000ffe1300000] [id=25876]
  0x00000233df1377e0 GCTaskThread "GC Thread#2" [stack: 0x000000ffe1300000,0x000000ffe1400000] [id=20540]
  0x00000233df137aa0 GCTaskThread "GC Thread#3" [stack: 0x000000ffe1400000,0x000000ffe1500000] [id=24816]
  0x00000233df16f130 GCTaskThread "GC Thread#4" [stack: 0x000000ffe1500000,0x000000ffe1600000] [id=3788]
  0x00000233df16f3f0 GCTaskThread "GC Thread#5" [stack: 0x000000ffe1600000,0x000000ffe1700000] [id=39284]
  0x00000233df16f6b0 GCTaskThread "GC Thread#6" [stack: 0x000000ffe1700000,0x000000ffe1800000] [id=28412]
  0x00000233df16ff80 GCTaskThread "GC Thread#7" [stack: 0x000000ffe1800000,0x000000ffe1900000] [id=4288]
  0x00000233df2d76d0 GCTaskThread "GC Thread#8" [stack: 0x000000ffe1a00000,0x000000ffe1b00000] [id=21876]
  0x00000233df489680 GCTaskThread "GC Thread#9" [stack: 0x000000ffe1e00000,0x000000ffe1f00000] [id=31256]
  0x00000233df489940 GCTaskThread "GC Thread#10" [stack: 0x000000ffe1f00000,0x000000ffe2000000] [id=15468]
  0x00000233df4a4fc0 GCTaskThread "GC Thread#11" [stack: 0x000000ffe2000000,0x000000ffe2100000] [id=11392]
  0x00000233de059e30 GCTaskThread "GC Thread#12" [stack: 0x000000ffe1100000,0x000000ffe1200000] [id=2544]
  0x00000233c7695060 ConcurrentGCThread "G1 Main Marker" [stack: 0x000000ffdff00000,0x000000ffe0000000] [id=37592]
  0x00000233c7695a80 ConcurrentGCThread "G1 Conc#0" [stack: 0x000000ffe0000000,0x000000ffe0100000] [id=17164]
  0x00000233de05a0f0 ConcurrentGCThread "G1 Conc#1" [stack: 0x000000ffe2200000,0x000000ffe2300000] [id=15172]
  0x00000233de05a930 ConcurrentGCThread "G1 Conc#2" [stack: 0x000000ffe2300000,0x000000ffe2400000] [id=24760]
  0x00000233d95452b0 ConcurrentGCThread "G1 Refine#0" [stack: 0x000000ffe0100000,0x000000ffe0200000] [id=3480]
  0x00000233e1cf08c0 ConcurrentGCThread "G1 Refine#1" [stack: 0x000000ffe2400000,0x000000ffe2500000] [id=19772]
  0x00000233e1cf0bb0 ConcurrentGCThread "G1 Refine#2" [stack: 0x000000ffe2f00000,0x000000ffe3000000] [id=37448]
  0x00000233e1cefff0 ConcurrentGCThread "G1 Refine#3" [stack: 0x000000ffdfc00000,0x000000ffdfd00000] [id=17168]
  0x00000233d9545b80 ConcurrentGCThread "G1 Service" [stack: 0x000000ffe0200000,0x000000ffe0300000] [id=27176]

Threads with active compile tasks:
C1 CompilerThread0   499011 11092  s    1       org.apache.catalina.util.LifecycleBase::setStateInternal (144 bytes)

VM state: at safepoint (normal execution)

VM Mutex/Monitor currently owned by a thread:  ([mutex/lock_event])
[0x00000233c7625e30] Threads_lock - owner thread: 0x00000233d9686740
[0x00000233c7626850] Heap_lock - owner thread: 0x00000233e1d78bf0

Heap address: 0x000000008a400000, size: 1884 MB, Compressed Oops mode: 32-bit

CDS archive(s) mapped at: [0x0000023380000000-0x0000023380bb0000-0x0000023380bb0000), size 12255232, SharedBaseAddress: 0x0000023380000000, ArchiveRelocationMode: 1.
Compressed class space mapped at: 0x0000023381000000-0x00000233c1000000, reserved size: 1073741824
Narrow klass base: 0x0000023380000000, Narrow klass shift: 0, Narrow klass range: 0x100000000

GC Precious Log:
 CPUs: 16 total, 16 available
 Memory: 7528M
 Large Page Support: Disabled
 NUMA Support: Disabled
 Compressed Oops: Enabled (32-bit)
 Heap Region Size: 1M
 Heap Min Capacity: 8M
 Heap Initial Capacity: 118M
 Heap Max Capacity: 1884M
 Pre-touch: Disabled
 Parallel Workers: 13
 Concurrent Workers: 3
 Concurrent Refinement Workers: 13
 Periodic GC: Disabled

Heap:
 garbage-first heap   total 286720K, used 102379K [0x000000008a400000, 0x0000000100000000)
  region size 1024K, 42 young (43008K), 1 survivors (1024K)
 Metaspace       used 92669K, committed 93248K, reserved 1179648K
  class space    used 13446K, committed 13696K, reserved 1048576K

Heap Regions: E=young(eden), S=young(survivor), O=old, HS=humongous(starts), HC=humongous(continues), CS=collection set, F=free, OA=open archive, CA=closed archive, TAMS=top-at-mark-start (previous, next)
|   0|0x000000008a400000, 0x000000008a500000, 0x000000008a500000|100%|HS|  |TAMS 0x000000008a500000, 0x000000008a400000| Complete 
|   1|0x000000008a500000, 0x000000008a600000, 0x000000008a600000|100%| O|  |TAMS 0x000000008a600000, 0x000000008a500000| Untracked 
|   2|0x000000008a600000, 0x000000008a700000, 0x000000008a700000|100%| O|  |TAMS 0x000000008a700000, 0x000000008a600000| Untracked 
|   3|0x000000008a700000, 0x000000008a800000, 0x000000008a800000|100%| O|  |TAMS 0x000000008a800000, 0x000000008a700000| Untracked 
|   4|0x000000008a800000, 0x000000008a900000, 0x000000008a900000|100%| O|  |TAMS 0x000000008a900000, 0x000000008a800000| Untracked 
|   5|0x000000008a900000, 0x000000008aa00000, 0x000000008aa00000|100%| O|  |TAMS 0x000000008aa00000, 0x000000008a900000| Untracked 
|   6|0x000000008aa00000, 0x000000008ab00000, 0x000000008ab00000|100%| O|  |TAMS 0x000000008ab00000, 0x000000008aa00000| Untracked 
|   7|0x000000008ab00000, 0x000000008ac00000, 0x000000008ac00000|100%| O|  |TAMS 0x000000008ac00000, 0x000000008ab00000| Untracked 
|   8|0x000000008ac00000, 0x000000008ad00000, 0x000000008ad00000|100%| O|  |TAMS 0x000000008ad00000, 0x000000008ac00000| Untracked 
|   9|0x000000008ad00000, 0x000000008ae00000, 0x000000008ae00000|100%| O|  |TAMS 0x000000008ae00000, 0x000000008ad00000| Untracked 
|  10|0x000000008ae00000, 0x000000008af00000, 0x000000008af00000|100%| O|  |TAMS 0x000000008af00000, 0x000000008ae00000| Untracked 
|  11|0x000000008af00000, 0x000000008b000000, 0x000000008b000000|100%| O|  |TAMS 0x000000008b000000, 0x000000008af00000| Untracked 
|  12|0x000000008b000000, 0x000000008b100000, 0x000000008b100000|100%| O|  |TAMS 0x000000008b100000, 0x000000008b000000| Untracked 
|  13|0x000000008b100000, 0x000000008b100000, 0x000000008b200000|  0%| F|  |TAMS 0x000000008b100000, 0x000000008b100000| Untracked 
|  14|0x000000008b200000, 0x000000008b300000, 0x000000008b300000|100%| O|  |TAMS 0x000000008b300000, 0x000000008b200000| Untracked 
|  15|0x000000008b300000, 0x000000008b400000, 0x000000008b400000|100%| O|  |TAMS 0x000000008b300000, 0x000000008b300000| Untracked 
|  16|0x000000008b400000, 0x000000008b500000, 0x000000008b500000|100%| O|  |TAMS 0x000000008b500000, 0x000000008b400000| Untracked 
|  17|0x000000008b500000, 0x000000008b600000, 0x000000008b600000|100%| O|  |TAMS 0x000000008b600000, 0x000000008b500000| Untracked 
|  18|0x000000008b600000, 0x000000008b700000, 0x000000008b700000|100%| O|  |TAMS 0x000000008b700000, 0x000000008b600000| Untracked 
|  19|0x000000008b700000, 0x000000008b800000, 0x000000008b800000|100%| O|  |TAMS 0x000000008b700000, 0x000000008b700000| Untracked 
|  20|0x000000008b800000, 0x000000008b900000, 0x000000008b900000|100%| O|  |TAMS 0x000000008b800000, 0x000000008b800000| Untracked 
|  21|0x000000008b900000, 0x000000008ba00000, 0x000000008ba00000|100%| O|  |TAMS 0x000000008b900000, 0x000000008b900000| Untracked 
|  22|0x000000008ba00000, 0x000000008bb00000, 0x000000008bb00000|100%| O|  |TAMS 0x000000008bb00000, 0x000000008ba00000| Untracked 
|  23|0x000000008bb00000, 0x000000008bc00000, 0x000000008bc00000|100%| O|  |TAMS 0x000000008bc00000, 0x000000008bb00000| Untracked 
|  24|0x000000008bc00000, 0x000000008bd00000, 0x000000008bd00000|100%| O|  |TAMS 0x000000008bc00000, 0x000000008bc00000| Untracked 
|  25|0x000000008bd00000, 0x000000008be00000, 0x000000008be00000|100%| O|  |TAMS 0x000000008be00000, 0x000000008bd00000| Untracked 
|  26|0x000000008be00000, 0x000000008bf00000, 0x000000008bf00000|100%| O|  |TAMS 0x000000008bf00000, 0x000000008be00000| Untracked 
|  27|0x000000008bf00000, 0x000000008c000000, 0x000000008c000000|100%| O|  |TAMS 0x000000008bf00000, 0x000000008bf00000| Untracked 
|  28|0x000000008c000000, 0x000000008c100000, 0x000000008c100000|100%| O|  |TAMS 0x000000008c100000, 0x000000008c000000| Untracked 
|  29|0x000000008c100000, 0x000000008c1f2600, 0x000000008c200000| 94%| O|  |TAMS 0x000000008c100000, 0x000000008c100000| Untracked 
|  30|0x000000008c200000, 0x000000008c200000, 0x000000008c300000|  0%| F|  |TAMS 0x000000008c200000, 0x000000008c200000| Untracked 
|  31|0x000000008c300000, 0x000000008c300000, 0x000000008c400000|  0%| F|  |TAMS 0x000000008c300000, 0x000000008c300000| Untracked 
|  32|0x000000008c400000, 0x000000008c500000, 0x000000008c500000|100%| O|  |TAMS 0x000000008c500000, 0x000000008c400000| Untracked 
|  33|0x000000008c500000, 0x000000008c500000, 0x000000008c600000|  0%| F|  |TAMS 0x000000008c500000, 0x000000008c500000| Untracked 
|  34|0x000000008c600000, 0x000000008c700000, 0x000000008c700000|100%| O|  |TAMS 0x000000008c700000, 0x000000008c600000| Untracked 
|  35|0x000000008c700000, 0x000000008c800000, 0x000000008c800000|100%| O|  |TAMS 0x000000008c800000, 0x000000008c700000| Untracked 
|  36|0x000000008c800000, 0x000000008c900000, 0x000000008c900000|100%| O|  |TAMS 0x000000008c900000, 0x000000008c800000| Untracked 
|  37|0x000000008c900000, 0x000000008ca00000, 0x000000008ca00000|100%| O|  |TAMS 0x000000008ca00000, 0x000000008c900000| Untracked 
|  38|0x000000008ca00000, 0x000000008cb00000, 0x000000008cb00000|100%| O|  |TAMS 0x000000008cb00000, 0x000000008ca00000| Untracked 
|  39|0x000000008cb00000, 0x000000008cc00000, 0x000000008cc00000|100%| O|  |TAMS 0x000000008cc00000, 0x000000008cb00000| Untracked 
|  40|0x000000008cc00000, 0x000000008cd00000, 0x000000008cd00000|100%| O|  |TAMS 0x000000008cd00000, 0x000000008cc00000| Untracked 
|  41|0x000000008cd00000, 0x000000008ce00000, 0x000000008ce00000|100%| O|  |TAMS 0x000000008ce00000, 0x000000008cd00000| Untracked 
|  42|0x000000008ce00000, 0x000000008cf00000, 0x000000008cf00000|100%| O|  |TAMS 0x000000008cf00000, 0x000000008ce00000| Untracked 
|  43|0x000000008cf00000, 0x000000008d000000, 0x000000008d000000|100%| O|  |TAMS 0x000000008d000000, 0x000000008cf00000| Untracked 
|  44|0x000000008d000000, 0x000000008d100000, 0x000000008d100000|100%| O|  |TAMS 0x000000008d100000, 0x000000008d000000| Untracked 
|  45|0x000000008d100000, 0x000000008d200000, 0x000000008d200000|100%| O|  |TAMS 0x000000008d200000, 0x000000008d100000| Untracked 
|  46|0x000000008d200000, 0x000000008d300000, 0x000000008d300000|100%| O|  |TAMS 0x000000008d300000, 0x000000008d200000| Untracked 
|  47|0x000000008d300000, 0x000000008d400000, 0x000000008d400000|100%| O|  |TAMS 0x000000008d400000, 0x000000008d300000| Untracked 
|  48|0x000000008d400000, 0x000000008d500000, 0x000000008d500000|100%| O|  |TAMS 0x000000008d500000, 0x000000008d400000| Untracked 
|  49|0x000000008d500000, 0x000000008d500000, 0x000000008d600000|  0%| F|  |TAMS 0x000000008d500000, 0x000000008d500000| Untracked 
|  50|0x000000008d600000, 0x000000008d700000, 0x000000008d700000|100%| O|  |TAMS 0x000000008d700000, 0x000000008d600000| Untracked 
|  51|0x000000008d700000, 0x000000008d800000, 0x000000008d800000|100%| O|  |TAMS 0x000000008d800000, 0x000000008d700000| Untracked 
|  52|0x000000008d800000, 0x000000008d900000, 0x000000008d900000|100%| O|  |TAMS 0x000000008d900000, 0x000000008d800000| Untracked 
|  53|0x000000008d900000, 0x000000008da00000, 0x000000008da00000|100%| O|  |TAMS 0x000000008da00000, 0x000000008d900000| Untracked 
|  54|0x000000008da00000, 0x000000008db00000, 0x000000008db00000|100%| O|  |TAMS 0x000000008db00000, 0x000000008da00000| Untracked 
|  55|0x000000008db00000, 0x000000008dc00000, 0x000000008dc00000|100%| O|  |TAMS 0x000000008dc00000, 0x000000008db00000| Untracked 
|  56|0x000000008dc00000, 0x000000008dc00000, 0x000000008dd00000|  0%| F|  |TAMS 0x000000008dc00000, 0x000000008dc00000| Untracked 
|  57|0x000000008dd00000, 0x000000008de00000, 0x000000008de00000|100%| O|  |TAMS 0x000000008de00000, 0x000000008dd00000| Untracked 
|  58|0x000000008de00000, 0x000000008df00000, 0x000000008df00000|100%| O|  |TAMS 0x000000008df00000, 0x000000008de00000| Untracked 
|  59|0x000000008df00000, 0x000000008e000000, 0x000000008e000000|100%| O|  |TAMS 0x000000008e000000, 0x000000008df00000| Untracked 
|  60|0x000000008e000000, 0x000000008e100000, 0x000000008e100000|100%| O|  |TAMS 0x000000008e100000, 0x000000008e000000| Untracked 
|  61|0x000000008e100000, 0x000000008e100000, 0x000000008e200000|  0%| F|  |TAMS 0x000000008e100000, 0x000000008e100000| Untracked 
|  62|0x000000008e200000, 0x000000008e200000, 0x000000008e300000|  0%| F|  |TAMS 0x000000008e200000, 0x000000008e200000| Untracked 
|  63|0x000000008e300000, 0x000000008e300000, 0x000000008e400000|  0%| F|  |TAMS 0x000000008e300000, 0x000000008e300000| Untracked 
|  64|0x000000008e400000, 0x000000008e500000, 0x000000008e500000|100%| O|  |TAMS 0x000000008e4ece00, 0x000000008e400000| Untracked 
|  65|0x000000008e500000, 0x000000008e600000, 0x000000008e600000|100%| O|  |TAMS 0x000000008e500000, 0x000000008e500000| Untracked 
|  66|0x000000008e600000, 0x000000008e700000, 0x000000008e700000|100%| O|  |TAMS 0x000000008e600000, 0x000000008e600000| Untracked 
|  67|0x000000008e700000, 0x000000008e800000, 0x000000008e800000|100%| O|  |TAMS 0x000000008e700000, 0x000000008e700000| Untracked 
|  68|0x000000008e800000, 0x000000008e900000, 0x000000008e900000|100%| O|  |TAMS 0x000000008e800000, 0x000000008e800000| Untracked 
|  69|0x000000008e900000, 0x000000008e900000, 0x000000008ea00000|  0%| F|  |TAMS 0x000000008e900000, 0x000000008e900000| Untracked 
|  70|0x000000008ea00000, 0x000000008ea00000, 0x000000008eb00000|  0%| F|  |TAMS 0x000000008ea00000, 0x000000008ea00000| Untracked 
|  71|0x000000008eb00000, 0x000000008eb00000, 0x000000008ec00000|  0%| F|  |TAMS 0x000000008eb00000, 0x000000008eb00000| Untracked 
|  72|0x000000008ec00000, 0x000000008ec00000, 0x000000008ed00000|  0%| F|  |TAMS 0x000000008ec00000, 0x000000008ec00000| Untracked 
|  73|0x000000008ed00000, 0x000000008ed00000, 0x000000008ee00000|  0%| F|  |TAMS 0x000000008ed00000, 0x000000008ed00000| Untracked 
|  74|0x000000008ee00000, 0x000000008ee00000, 0x000000008ef00000|  0%| F|  |TAMS 0x000000008ee00000, 0x000000008ee00000| Untracked 
|  75|0x000000008ef00000, 0x000000008ef00000, 0x000000008f000000|  0%| F|  |TAMS 0x000000008ef00000, 0x000000008ef00000| Untracked 
|  76|0x000000008f000000, 0x000000008f000000, 0x000000008f100000|  0%| F|  |TAMS 0x000000008f000000, 0x000000008f000000| Untracked 
|  77|0x000000008f100000, 0x000000008f100000, 0x000000008f200000|  0%| F|  |TAMS 0x000000008f100000, 0x000000008f100000| Untracked 
|  78|0x000000008f200000, 0x000000008f200000, 0x000000008f300000|  0%| F|  |TAMS 0x000000008f200000, 0x000000008f200000| Untracked 
|  79|0x000000008f300000, 0x000000008f300000, 0x000000008f400000|  0%| F|  |TAMS 0x000000008f300000, 0x000000008f300000| Untracked 
|  80|0x000000008f400000, 0x000000008f400000, 0x000000008f500000|  0%| F|  |TAMS 0x000000008f400000, 0x000000008f400000| Untracked 
|  81|0x000000008f500000, 0x000000008f500000, 0x000000008f600000|  0%| F|  |TAMS 0x000000008f500000, 0x000000008f500000| Untracked 
|  82|0x000000008f600000, 0x000000008f600000, 0x000000008f700000|  0%| F|  |TAMS 0x000000008f600000, 0x000000008f600000| Untracked 
|  83|0x000000008f700000, 0x000000008f700000, 0x000000008f800000|  0%| F|  |TAMS 0x000000008f700000, 0x000000008f700000| Untracked 
|  84|0x000000008f800000, 0x000000008f800000, 0x000000008f900000|  0%| F|  |TAMS 0x000000008f800000, 0x000000008f800000| Untracked 
|  85|0x000000008f900000, 0x000000008f900000, 0x000000008fa00000|  0%| F|  |TAMS 0x000000008f900000, 0x000000008f900000| Untracked 
|  86|0x000000008fa00000, 0x000000008fa00000, 0x000000008fb00000|  0%| F|  |TAMS 0x000000008fa00000, 0x000000008fa00000| Untracked 
|  87|0x000000008fb00000, 0x000000008fb00000, 0x000000008fc00000|  0%| F|  |TAMS 0x000000008fb00000, 0x000000008fb00000| Untracked 
|  88|0x000000008fc00000, 0x000000008fc00000, 0x000000008fd00000|  0%| F|  |TAMS 0x000000008fc00000, 0x000000008fc00000| Untracked 
|  89|0x000000008fd00000, 0x000000008fd00000, 0x000000008fe00000|  0%| F|  |TAMS 0x000000008fd00000, 0x000000008fd00000| Untracked 
|  90|0x000000008fe00000, 0x000000008fe00000, 0x000000008ff00000|  0%| F|  |TAMS 0x000000008fe00000, 0x000000008fe00000| Untracked 
|  91|0x000000008ff00000, 0x000000008ff00000, 0x0000000090000000|  0%| F|  |TAMS 0x000000008ff00000, 0x000000008ff00000| Untracked 
|  92|0x0000000090000000, 0x0000000090000000, 0x0000000090100000|  0%| F|  |TAMS 0x0000000090000000, 0x0000000090000000| Untracked 
|  93|0x0000000090100000, 0x0000000090100000, 0x0000000090200000|  0%| F|  |TAMS 0x0000000090100000, 0x0000000090100000| Untracked 
|  94|0x0000000090200000, 0x0000000090200000, 0x0000000090300000|  0%| F|  |TAMS 0x0000000090200000, 0x0000000090200000| Untracked 
|  95|0x0000000090300000, 0x0000000090300000, 0x0000000090400000|  0%| F|  |TAMS 0x0000000090300000, 0x0000000090300000| Untracked 
|  96|0x0000000090400000, 0x0000000090400000, 0x0000000090500000|  0%| F|  |TAMS 0x0000000090400000, 0x0000000090400000| Untracked 
|  97|0x0000000090500000, 0x0000000090500000, 0x0000000090600000|  0%| F|  |TAMS 0x0000000090500000, 0x0000000090500000| Untracked 
|  98|0x0000000090600000, 0x0000000090600000, 0x0000000090700000|  0%| F|  |TAMS 0x0000000090600000, 0x0000000090600000| Untracked 
|  99|0x0000000090700000, 0x0000000090700000, 0x0000000090800000|  0%| F|  |TAMS 0x0000000090700000, 0x0000000090700000| Untracked 
| 100|0x0000000090800000, 0x0000000090800000, 0x0000000090900000|  0%| F|  |TAMS 0x0000000090800000, 0x0000000090800000| Untracked 
| 101|0x0000000090900000, 0x0000000090900000, 0x0000000090a00000|  0%| F|  |TAMS 0x0000000090900000, 0x0000000090900000| Untracked 
| 102|0x0000000090a00000, 0x0000000090a00000, 0x0000000090b00000|  0%| F|  |TAMS 0x0000000090a00000, 0x0000000090a00000| Untracked 
| 103|0x0000000090b00000, 0x0000000090b00000, 0x0000000090c00000|  0%| F|  |TAMS 0x0000000090b00000, 0x0000000090b00000| Untracked 
| 104|0x0000000090c00000, 0x0000000090c00000, 0x0000000090d00000|  0%| F|  |TAMS 0x0000000090c00000, 0x0000000090c00000| Untracked 
| 105|0x0000000090d00000, 0x0000000090d00000, 0x0000000090e00000|  0%| F|  |TAMS 0x0000000090d00000, 0x0000000090d00000| Untracked 
| 106|0x0000000090e00000, 0x0000000090e00000, 0x0000000090f00000|  0%| F|  |TAMS 0x0000000090e00000, 0x0000000090e00000| Untracked 
| 107|0x0000000090f00000, 0x0000000090f00000, 0x0000000091000000|  0%| F|  |TAMS 0x0000000090f00000, 0x0000000090f00000| Untracked 
| 108|0x0000000091000000, 0x0000000091000000, 0x0000000091100000|  0%| F|  |TAMS 0x0000000091000000, 0x0000000091000000| Untracked 
| 109|0x0000000091100000, 0x0000000091100000, 0x0000000091200000|  0%| F|  |TAMS 0x0000000091100000, 0x0000000091100000| Untracked 
| 110|0x0000000091200000, 0x0000000091200000, 0x0000000091300000|  0%| F|  |TAMS 0x0000000091200000, 0x0000000091200000| Untracked 
| 111|0x0000000091300000, 0x0000000091300000, 0x0000000091400000|  0%| F|  |TAMS 0x0000000091300000, 0x0000000091300000| Untracked 
| 112|0x0000000091400000, 0x0000000091400000, 0x0000000091500000|  0%| F|  |TAMS 0x0000000091400000, 0x0000000091400000| Untracked 
| 113|0x0000000091500000, 0x0000000091500000, 0x0000000091600000|  0%| F|  |TAMS 0x0000000091500000, 0x0000000091500000| Untracked 
| 114|0x0000000091600000, 0x0000000091600000, 0x0000000091700000|  0%| F|  |TAMS 0x0000000091600000, 0x0000000091600000| Untracked 
| 115|0x0000000091700000, 0x0000000091700000, 0x0000000091800000|  0%| F|  |TAMS 0x0000000091700000, 0x0000000091700000| Untracked 
| 116|0x0000000091800000, 0x0000000091800000, 0x0000000091900000|  0%| F|  |TAMS 0x0000000091800000, 0x0000000091800000| Untracked 
| 117|0x0000000091900000, 0x0000000091900000, 0x0000000091a00000|  0%| F|  |TAMS 0x0000000091900000, 0x0000000091900000| Untracked 
| 118|0x0000000091a00000, 0x0000000091a00000, 0x0000000091b00000|  0%| F|  |TAMS 0x0000000091a00000, 0x0000000091a00000| Untracked 
| 119|0x0000000091b00000, 0x0000000091b00000, 0x0000000091c00000|  0%| F|  |TAMS 0x0000000091b00000, 0x0000000091b00000| Untracked 
| 120|0x0000000091c00000, 0x0000000091c00000, 0x0000000091d00000|  0%| F|  |TAMS 0x0000000091c00000, 0x0000000091c00000| Untracked 
| 121|0x0000000091d00000, 0x0000000091d00000, 0x0000000091e00000|  0%| F|  |TAMS 0x0000000091d00000, 0x0000000091d00000| Untracked 
| 122|0x0000000091e00000, 0x0000000091e00000, 0x0000000091f00000|  0%| F|  |TAMS 0x0000000091e00000, 0x0000000091e00000| Untracked 
| 123|0x0000000091f00000, 0x0000000091f00000, 0x0000000092000000|  0%| F|  |TAMS 0x0000000091f00000, 0x0000000091f00000| Untracked 
| 124|0x0000000092000000, 0x0000000092000000, 0x0000000092100000|  0%| F|  |TAMS 0x0000000092000000, 0x0000000092000000| Untracked 
| 125|0x0000000092100000, 0x0000000092100000, 0x0000000092200000|  0%| F|  |TAMS 0x0000000092100000, 0x0000000092100000| Untracked 
| 126|0x0000000092200000, 0x0000000092200000, 0x0000000092300000|  0%| F|  |TAMS 0x0000000092200000, 0x0000000092200000| Untracked 
| 127|0x0000000092300000, 0x0000000092300000, 0x0000000092400000|  0%| F|  |TAMS 0x0000000092300000, 0x0000000092300000| Untracked 
| 128|0x0000000092400000, 0x0000000092400000, 0x0000000092500000|  0%| F|  |TAMS 0x0000000092400000, 0x0000000092400000| Untracked 
| 129|0x0000000092500000, 0x0000000092500000, 0x0000000092600000|  0%| F|  |TAMS 0x0000000092500000, 0x0000000092500000| Untracked 
| 130|0x0000000092600000, 0x0000000092600000, 0x0000000092700000|  0%| F|  |TAMS 0x0000000092600000, 0x0000000092600000| Untracked 
| 131|0x0000000092700000, 0x0000000092700000, 0x0000000092800000|  0%| F|  |TAMS 0x0000000092700000, 0x0000000092700000| Untracked 
| 132|0x0000000092800000, 0x0000000092800000, 0x0000000092900000|  0%| F|  |TAMS 0x0000000092800000, 0x0000000092800000| Untracked 
| 133|0x0000000092900000, 0x0000000092900000, 0x0000000092a00000|  0%| F|  |TAMS 0x0000000092900000, 0x0000000092900000| Untracked 
| 134|0x0000000092a00000, 0x0000000092a00000, 0x0000000092b00000|  0%| F|  |TAMS 0x0000000092a00000, 0x0000000092a00000| Untracked 
| 135|0x0000000092b00000, 0x0000000092b00000, 0x0000000092c00000|  0%| F|  |TAMS 0x0000000092b00000, 0x0000000092b00000| Untracked 
| 136|0x0000000092c00000, 0x0000000092c00000, 0x0000000092d00000|  0%| F|  |TAMS 0x0000000092c00000, 0x0000000092c00000| Untracked 
| 137|0x0000000092d00000, 0x0000000092d00000, 0x0000000092e00000|  0%| F|  |TAMS 0x0000000092d00000, 0x0000000092d00000| Untracked 
| 138|0x0000000092e00000, 0x0000000092e00000, 0x0000000092f00000|  0%| F|  |TAMS 0x0000000092e00000, 0x0000000092e00000| Untracked 
| 139|0x0000000092f00000, 0x0000000092f00000, 0x0000000093000000|  0%| F|  |TAMS 0x0000000092f00000, 0x0000000092f00000| Untracked 
| 140|0x0000000093000000, 0x0000000093000000, 0x0000000093100000|  0%| F|  |TAMS 0x0000000093000000, 0x0000000093000000| Untracked 
| 141|0x0000000093100000, 0x0000000093100000, 0x0000000093200000|  0%| F|  |TAMS 0x0000000093100000, 0x0000000093100000| Untracked 
| 142|0x0000000093200000, 0x0000000093200000, 0x0000000093300000|  0%| F|  |TAMS 0x0000000093200000, 0x0000000093200000| Untracked 
| 143|0x0000000093300000, 0x0000000093300000, 0x0000000093400000|  0%| F|  |TAMS 0x0000000093300000, 0x0000000093300000| Untracked 
| 144|0x0000000093400000, 0x0000000093400000, 0x0000000093500000|  0%| F|  |TAMS 0x0000000093400000, 0x0000000093400000| Untracked 
| 145|0x0000000093500000, 0x0000000093500000, 0x0000000093600000|  0%| F|  |TAMS 0x0000000093500000, 0x0000000093500000| Untracked 
| 146|0x0000000093600000, 0x0000000093600000, 0x0000000093700000|  0%| F|  |TAMS 0x0000000093600000, 0x0000000093600000| Untracked 
| 147|0x0000000093700000, 0x0000000093700000, 0x0000000093800000|  0%| F|  |TAMS 0x0000000093700000, 0x0000000093700000| Untracked 
| 148|0x0000000093800000, 0x0000000093800000, 0x0000000093900000|  0%| F|  |TAMS 0x0000000093800000, 0x0000000093800000| Untracked 
| 149|0x0000000093900000, 0x0000000093900000, 0x0000000093a00000|  0%| F|  |TAMS 0x0000000093900000, 0x0000000093900000| Untracked 
| 150|0x0000000093a00000, 0x0000000093a00000, 0x0000000093b00000|  0%| F|  |TAMS 0x0000000093a00000, 0x0000000093a00000| Untracked 
| 151|0x0000000093b00000, 0x0000000093b00000, 0x0000000093c00000|  0%| F|  |TAMS 0x0000000093b00000, 0x0000000093b00000| Untracked 
| 152|0x0000000093c00000, 0x0000000093c00000, 0x0000000093d00000|  0%| F|  |TAMS 0x0000000093c00000, 0x0000000093c00000| Untracked 
| 153|0x0000000093d00000, 0x0000000093d00000, 0x0000000093e00000|  0%| F|  |TAMS 0x0000000093d00000, 0x0000000093d00000| Untracked 
| 154|0x0000000093e00000, 0x0000000093e00000, 0x0000000093f00000|  0%| F|  |TAMS 0x0000000093e00000, 0x0000000093e00000| Untracked 
| 155|0x0000000093f00000, 0x0000000093f00000, 0x0000000094000000|  0%| F|  |TAMS 0x0000000093f00000, 0x0000000093f00000| Untracked 
| 156|0x0000000094000000, 0x0000000094000000, 0x0000000094100000|  0%| F|  |TAMS 0x0000000094000000, 0x0000000094000000| Untracked 
| 157|0x0000000094100000, 0x0000000094100000, 0x0000000094200000|  0%| F|  |TAMS 0x0000000094100000, 0x0000000094100000| Untracked 
| 158|0x0000000094200000, 0x0000000094200000, 0x0000000094300000|  0%| F|  |TAMS 0x0000000094200000, 0x0000000094200000| Untracked 
| 159|0x0000000094300000, 0x0000000094300000, 0x0000000094400000|  0%| F|  |TAMS 0x0000000094300000, 0x0000000094300000| Untracked 
| 160|0x0000000094400000, 0x0000000094400000, 0x0000000094500000|  0%| F|  |TAMS 0x0000000094400000, 0x0000000094400000| Untracked 
| 161|0x0000000094500000, 0x0000000094500000, 0x0000000094600000|  0%| F|  |TAMS 0x0000000094500000, 0x0000000094500000| Untracked 
| 162|0x0000000094600000, 0x0000000094600000, 0x0000000094700000|  0%| F|  |TAMS 0x0000000094600000, 0x0000000094600000| Untracked 
| 163|0x0000000094700000, 0x0000000094700000, 0x0000000094800000|  0%| F|  |TAMS 0x0000000094700000, 0x0000000094700000| Untracked 
| 164|0x0000000094800000, 0x0000000094800000, 0x0000000094900000|  0%| F|  |TAMS 0x0000000094800000, 0x0000000094800000| Untracked 
| 165|0x0000000094900000, 0x0000000094900000, 0x0000000094a00000|  0%| F|  |TAMS 0x0000000094900000, 0x0000000094900000| Untracked 
| 166|0x0000000094a00000, 0x0000000094a00000, 0x0000000094b00000|  0%| F|  |TAMS 0x0000000094a00000, 0x0000000094a00000| Untracked 
| 167|0x0000000094b00000, 0x0000000094b00000, 0x0000000094c00000|  0%| F|  |TAMS 0x0000000094b00000, 0x0000000094b00000| Untracked 
| 168|0x0000000094c00000, 0x0000000094c00000, 0x0000000094d00000|  0%| F|  |TAMS 0x0000000094c00000, 0x0000000094c00000| Untracked 
| 169|0x0000000094d00000, 0x0000000094d00000, 0x0000000094e00000|  0%| F|  |TAMS 0x0000000094d00000, 0x0000000094d00000| Untracked 
| 170|0x0000000094e00000, 0x0000000094e00000, 0x0000000094f00000|  0%| F|  |TAMS 0x0000000094e00000, 0x0000000094e00000| Untracked 
| 171|0x0000000094f00000, 0x0000000094f00000, 0x0000000095000000|  0%| F|  |TAMS 0x0000000094f00000, 0x0000000094f00000| Untracked 
| 172|0x0000000095000000, 0x0000000095000000, 0x0000000095100000|  0%| F|  |TAMS 0x0000000095000000, 0x0000000095000000| Untracked 
| 173|0x0000000095100000, 0x0000000095100000, 0x0000000095200000|  0%| F|  |TAMS 0x0000000095100000, 0x0000000095100000| Untracked 
| 174|0x0000000095200000, 0x0000000095200000, 0x0000000095300000|  0%| F|  |TAMS 0x0000000095200000, 0x0000000095200000| Untracked 
| 175|0x0000000095300000, 0x0000000095300000, 0x0000000095400000|  0%| F|  |TAMS 0x0000000095300000, 0x0000000095300000| Untracked 
| 176|0x0000000095400000, 0x0000000095400000, 0x0000000095500000|  0%| F|  |TAMS 0x0000000095400000, 0x0000000095400000| Untracked 
| 177|0x0000000095500000, 0x0000000095500000, 0x0000000095600000|  0%| F|  |TAMS 0x0000000095500000, 0x0000000095500000| Untracked 
| 178|0x0000000095600000, 0x0000000095600000, 0x0000000095700000|  0%| F|  |TAMS 0x0000000095600000, 0x0000000095600000| Untracked 
| 179|0x0000000095700000, 0x0000000095700000, 0x0000000095800000|  0%| F|  |TAMS 0x0000000095700000, 0x0000000095700000| Untracked 
| 180|0x0000000095800000, 0x0000000095800000, 0x0000000095900000|  0%| F|  |TAMS 0x0000000095800000, 0x0000000095800000| Untracked 
| 181|0x0000000095900000, 0x0000000095900000, 0x0000000095a00000|  0%| F|  |TAMS 0x0000000095900000, 0x0000000095900000| Untracked 
| 182|0x0000000095a00000, 0x0000000095a00000, 0x0000000095b00000|  0%| F|  |TAMS 0x0000000095a00000, 0x0000000095a00000| Untracked 
| 183|0x0000000095b00000, 0x0000000095b00000, 0x0000000095c00000|  0%| F|  |TAMS 0x0000000095b00000, 0x0000000095b00000| Untracked 
| 184|0x0000000095c00000, 0x0000000095c00000, 0x0000000095d00000|  0%| F|  |TAMS 0x0000000095c00000, 0x0000000095c00000| Untracked 
| 185|0x0000000095d00000, 0x0000000095d00000, 0x0000000095e00000|  0%| F|  |TAMS 0x0000000095d00000, 0x0000000095d00000| Untracked 
| 186|0x0000000095e00000, 0x0000000095e00000, 0x0000000095f00000|  0%| F|  |TAMS 0x0000000095e00000, 0x0000000095e00000| Untracked 
| 187|0x0000000095f00000, 0x0000000095f00000, 0x0000000096000000|  0%| F|  |TAMS 0x0000000095f00000, 0x0000000095f00000| Untracked 
| 188|0x0000000096000000, 0x0000000096000000, 0x0000000096100000|  0%| F|  |TAMS 0x0000000096000000, 0x0000000096000000| Untracked 
| 189|0x0000000096100000, 0x0000000096100000, 0x0000000096200000|  0%| F|  |TAMS 0x0000000096100000, 0x0000000096100000| Untracked 
| 190|0x0000000096200000, 0x0000000096200000, 0x0000000096300000|  0%| F|  |TAMS 0x0000000096200000, 0x0000000096200000| Untracked 
| 191|0x0000000096300000, 0x0000000096300000, 0x0000000096400000|  0%| F|  |TAMS 0x0000000096300000, 0x0000000096300000| Untracked 
| 192|0x0000000096400000, 0x0000000096400000, 0x0000000096500000|  0%| F|  |TAMS 0x0000000096400000, 0x0000000096400000| Untracked 
| 193|0x0000000096500000, 0x0000000096500000, 0x0000000096600000|  0%| F|  |TAMS 0x0000000096500000, 0x0000000096500000| Untracked 
| 194|0x0000000096600000, 0x0000000096600000, 0x0000000096700000|  0%| F|  |TAMS 0x0000000096600000, 0x0000000096600000| Untracked 
| 195|0x0000000096700000, 0x0000000096700000, 0x0000000096800000|  0%| F|  |TAMS 0x0000000096700000, 0x0000000096700000| Untracked 
| 196|0x0000000096800000, 0x0000000096800000, 0x0000000096900000|  0%| F|  |TAMS 0x0000000096800000, 0x0000000096800000| Untracked 
| 197|0x0000000096900000, 0x0000000096900000, 0x0000000096a00000|  0%| F|  |TAMS 0x0000000096900000, 0x0000000096900000| Untracked 
| 198|0x0000000096a00000, 0x0000000096a00000, 0x0000000096b00000|  0%| F|  |TAMS 0x0000000096a00000, 0x0000000096a00000| Untracked 
| 199|0x0000000096b00000, 0x0000000096b00000, 0x0000000096c00000|  0%| F|  |TAMS 0x0000000096b00000, 0x0000000096b00000| Untracked 
| 200|0x0000000096c00000, 0x0000000096c00000, 0x0000000096d00000|  0%| F|  |TAMS 0x0000000096c00000, 0x0000000096c00000| Untracked 
| 201|0x0000000096d00000, 0x0000000096d00000, 0x0000000096e00000|  0%| F|  |TAMS 0x0000000096d00000, 0x0000000096d00000| Untracked 
| 202|0x0000000096e00000, 0x0000000096e00000, 0x0000000096f00000|  0%| F|  |TAMS 0x0000000096e00000, 0x0000000096e00000| Untracked 
| 203|0x0000000096f00000, 0x0000000096f00000, 0x0000000097000000|  0%| F|  |TAMS 0x0000000096f00000, 0x0000000096f00000| Untracked 
| 204|0x0000000097000000, 0x0000000097000000, 0x0000000097100000|  0%| F|  |TAMS 0x0000000097000000, 0x0000000097000000| Untracked 
| 205|0x0000000097100000, 0x0000000097100000, 0x0000000097200000|  0%| F|  |TAMS 0x0000000097100000, 0x0000000097100000| Untracked 
| 206|0x0000000097200000, 0x0000000097200000, 0x0000000097300000|  0%| F|  |TAMS 0x0000000097200000, 0x0000000097200000| Untracked 
| 207|0x0000000097300000, 0x0000000097300000, 0x0000000097400000|  0%| F|  |TAMS 0x0000000097300000, 0x0000000097300000| Untracked 
| 208|0x0000000097400000, 0x0000000097400000, 0x0000000097500000|  0%| F|  |TAMS 0x0000000097400000, 0x0000000097400000| Untracked 
| 209|0x0000000097500000, 0x0000000097500000, 0x0000000097600000|  0%| F|  |TAMS 0x0000000097500000, 0x0000000097500000| Untracked 
| 210|0x0000000097600000, 0x0000000097600000, 0x0000000097700000|  0%| F|  |TAMS 0x0000000097600000, 0x0000000097600000| Untracked 
| 211|0x0000000097700000, 0x0000000097700000, 0x0000000097800000|  0%| F|  |TAMS 0x0000000097700000, 0x0000000097700000| Untracked 
| 212|0x0000000097800000, 0x0000000097800000, 0x0000000097900000|  0%| F|  |TAMS 0x0000000097800000, 0x0000000097800000| Untracked 
| 213|0x0000000097900000, 0x0000000097900000, 0x0000000097a00000|  0%| F|  |TAMS 0x0000000097900000, 0x0000000097900000| Untracked 
| 214|0x0000000097a00000, 0x0000000097a00000, 0x0000000097b00000|  0%| F|  |TAMS 0x0000000097a00000, 0x0000000097a00000| Untracked 
| 215|0x0000000097b00000, 0x0000000097b00000, 0x0000000097c00000|  0%| F|  |TAMS 0x0000000097b00000, 0x0000000097b00000| Untracked 
| 216|0x0000000097c00000, 0x0000000097c00000, 0x0000000097d00000|  0%| F|  |TAMS 0x0000000097c00000, 0x0000000097c00000| Untracked 
| 217|0x0000000097d00000, 0x0000000097d00000, 0x0000000097e00000|  0%| F|  |TAMS 0x0000000097d00000, 0x0000000097d00000| Untracked 
| 218|0x0000000097e00000, 0x0000000097e00000, 0x0000000097f00000|  0%| F|  |TAMS 0x0000000097e00000, 0x0000000097e00000| Untracked 
| 219|0x0000000097f00000, 0x0000000097f00000, 0x0000000098000000|  0%| F|  |TAMS 0x0000000097f00000, 0x0000000097f00000| Untracked 
| 220|0x0000000098000000, 0x0000000098000000, 0x0000000098100000|  0%| F|  |TAMS 0x0000000098000000, 0x0000000098000000| Untracked 
| 221|0x0000000098100000, 0x0000000098100000, 0x0000000098200000|  0%| F|  |TAMS 0x0000000098100000, 0x0000000098100000| Untracked 
| 222|0x0000000098200000, 0x0000000098200000, 0x0000000098300000|  0%| F|  |TAMS 0x0000000098200000, 0x0000000098200000| Untracked 
| 223|0x0000000098300000, 0x0000000098300000, 0x0000000098400000|  0%| F|  |TAMS 0x0000000098300000, 0x0000000098300000| Untracked 
| 224|0x0000000098400000, 0x0000000098400000, 0x0000000098500000|  0%| F|  |TAMS 0x0000000098400000, 0x0000000098400000| Untracked 
| 225|0x0000000098500000, 0x0000000098500000, 0x0000000098600000|  0%| F|  |TAMS 0x0000000098500000, 0x0000000098500000| Untracked 
| 226|0x0000000098600000, 0x0000000098600000, 0x0000000098700000|  0%| F|  |TAMS 0x0000000098600000, 0x0000000098600000| Untracked 
| 227|0x0000000098700000, 0x0000000098700000, 0x0000000098800000|  0%| F|  |TAMS 0x0000000098700000, 0x0000000098700000| Untracked 
| 228|0x0000000098800000, 0x0000000098800000, 0x0000000098900000|  0%| F|  |TAMS 0x0000000098800000, 0x0000000098800000| Untracked 
| 229|0x0000000098900000, 0x0000000098900000, 0x0000000098a00000|  0%| F|  |TAMS 0x0000000098900000, 0x0000000098900000| Untracked 
| 230|0x0000000098a00000, 0x0000000098a00000, 0x0000000098b00000|  0%| F|  |TAMS 0x0000000098a00000, 0x0000000098a00000| Untracked 
| 231|0x0000000098b00000, 0x0000000098b00000, 0x0000000098c00000|  0%| F|  |TAMS 0x0000000098b00000, 0x0000000098b00000| Untracked 
| 232|0x0000000098c00000, 0x0000000098c00000, 0x0000000098d00000|  0%| F|  |TAMS 0x0000000098c00000, 0x0000000098c00000| Untracked 
| 233|0x0000000098d00000, 0x0000000098d00000, 0x0000000098e00000|  0%| F|  |TAMS 0x0000000098d00000, 0x0000000098d00000| Untracked 
| 234|0x0000000098e00000, 0x0000000098e00000, 0x0000000098f00000|  0%| F|  |TAMS 0x0000000098e00000, 0x0000000098e00000| Untracked 
| 235|0x0000000098f00000, 0x0000000098f00000, 0x0000000099000000|  0%| F|  |TAMS 0x0000000098f00000, 0x0000000098f00000| Untracked 
| 236|0x0000000099000000, 0x0000000099000000, 0x0000000099100000|  0%| F|  |TAMS 0x0000000099000000, 0x0000000099000000| Untracked 
| 237|0x0000000099100000, 0x0000000099100000, 0x0000000099200000|  0%| F|  |TAMS 0x0000000099100000, 0x0000000099100000| Untracked 
| 238|0x0000000099200000, 0x0000000099200828, 0x0000000099300000|  0%| E|  |TAMS 0x0000000099200000, 0x0000000099200000| Complete 
| 239|0x0000000099300000, 0x0000000099400000, 0x0000000099400000|100%| E|CS|TAMS 0x0000000099300000, 0x0000000099300000| Complete 
| 240|0x0000000099400000, 0x0000000099500000, 0x0000000099500000|100%| E|CS|TAMS 0x0000000099400000, 0x0000000099400000| Complete 
| 241|0x0000000099500000, 0x0000000099600000, 0x0000000099600000|100%| E|CS|TAMS 0x0000000099500000, 0x0000000099500000| Complete 
| 242|0x0000000099600000, 0x0000000099700000, 0x0000000099700000|100%| E|CS|TAMS 0x0000000099600000, 0x0000000099600000| Complete 
| 243|0x0000000099700000, 0x0000000099800000, 0x0000000099800000|100%| E|CS|TAMS 0x0000000099700000, 0x0000000099700000| Complete 
| 244|0x0000000099800000, 0x0000000099900000, 0x0000000099900000|100%| E|CS|TAMS 0x0000000099800000, 0x0000000099800000| Complete 
| 245|0x0000000099900000, 0x0000000099a00000, 0x0000000099a00000|100%| E|CS|TAMS 0x0000000099900000, 0x0000000099900000| Complete 
| 246|0x0000000099a00000, 0x0000000099b00000, 0x0000000099b00000|100%| E|CS|TAMS 0x0000000099a00000, 0x0000000099a00000| Complete 
| 247|0x0000000099b00000, 0x0000000099c00000, 0x0000000099c00000|100%| E|CS|TAMS 0x0000000099b00000, 0x0000000099b00000| Complete 
| 248|0x0000000099c00000, 0x0000000099d00000, 0x0000000099d00000|100%| E|CS|TAMS 0x0000000099c00000, 0x0000000099c00000| Complete 
| 249|0x0000000099d00000, 0x0000000099e00000, 0x0000000099e00000|100%| E|CS|TAMS 0x0000000099d00000, 0x0000000099d00000| Complete 
| 250|0x0000000099e00000, 0x0000000099f00000, 0x0000000099f00000|100%| E|CS|TAMS 0x0000000099e00000, 0x0000000099e00000| Complete 
| 251|0x0000000099f00000, 0x000000009a000000, 0x000000009a000000|100%| E|CS|TAMS 0x0000000099f00000, 0x0000000099f00000| Complete 
| 252|0x000000009a000000, 0x000000009a100000, 0x000000009a100000|100%| E|CS|TAMS 0x000000009a000000, 0x000000009a000000| Complete 
| 253|0x000000009a100000, 0x000000009a200000, 0x000000009a200000|100%| E|CS|TAMS 0x000000009a100000, 0x000000009a100000| Complete 
| 254|0x000000009a200000, 0x000000009a300000, 0x000000009a300000|100%| E|CS|TAMS 0x000000009a200000, 0x000000009a200000| Complete 
| 255|0x000000009a300000, 0x000000009a400000, 0x000000009a400000|100%| E|CS|TAMS 0x000000009a300000, 0x000000009a300000| Complete 
| 256|0x000000009a400000, 0x000000009a500000, 0x000000009a500000|100%| E|CS|TAMS 0x000000009a400000, 0x000000009a400000| Complete 
| 257|0x000000009a500000, 0x000000009a600000, 0x000000009a600000|100%| E|CS|TAMS 0x000000009a500000, 0x000000009a500000| Complete 
| 258|0x000000009a600000, 0x000000009a700000, 0x000000009a700000|100%| E|CS|TAMS 0x000000009a600000, 0x000000009a600000| Complete 
| 259|0x000000009a700000, 0x000000009a800000, 0x000000009a800000|100%| E|CS|TAMS 0x000000009a700000, 0x000000009a700000| Complete 
| 260|0x000000009a800000, 0x000000009a900000, 0x000000009a900000|100%| E|CS|TAMS 0x000000009a800000, 0x000000009a800000| Complete 
| 261|0x000000009a900000, 0x000000009aa00000, 0x000000009aa00000|100%| E|CS|TAMS 0x000000009a900000, 0x000000009a900000| Complete 
| 262|0x000000009aa00000, 0x000000009ab00000, 0x000000009ab00000|100%| E|CS|TAMS 0x000000009aa00000, 0x000000009aa00000| Complete 
| 263|0x000000009ab00000, 0x000000009ac00000, 0x000000009ac00000|100%| E|CS|TAMS 0x000000009ab00000, 0x000000009ab00000| Complete 
| 264|0x000000009ac00000, 0x000000009ad00000, 0x000000009ad00000|100%| E|CS|TAMS 0x000000009ac00000, 0x000000009ac00000| Complete 
| 265|0x000000009ad00000, 0x000000009ae00000, 0x000000009ae00000|100%| E|CS|TAMS 0x000000009ad00000, 0x000000009ad00000| Complete 
| 266|0x000000009ae00000, 0x000000009ae08910, 0x000000009af00000|  3%| S|CS|TAMS 0x000000009ae00000, 0x000000009ae00000| Complete 
| 267|0x000000009af00000, 0x000000009b000000, 0x000000009b000000|100%| E|CS|TAMS 0x000000009af00000, 0x000000009af00000| Complete 
| 268|0x000000009b000000, 0x000000009b100000, 0x000000009b100000|100%| E|CS|TAMS 0x000000009b000000, 0x000000009b000000| Complete 
| 269|0x000000009b100000, 0x000000009b200000, 0x000000009b200000|100%| E|CS|TAMS 0x000000009b100000, 0x000000009b100000| Complete 
| 270|0x000000009b200000, 0x000000009b300000, 0x000000009b300000|100%| E|CS|TAMS 0x000000009b200000, 0x000000009b200000| Complete 
| 271|0x000000009b300000, 0x000000009b400000, 0x000000009b400000|100%| E|CS|TAMS 0x000000009b300000, 0x000000009b300000| Complete 
| 272|0x000000009b400000, 0x000000009b500000, 0x000000009b500000|100%| E|CS|TAMS 0x000000009b400000, 0x000000009b400000| Complete 
| 273|0x000000009b500000, 0x000000009b600000, 0x000000009b600000|100%| E|CS|TAMS 0x000000009b500000, 0x000000009b500000| Complete 
| 274|0x000000009b600000, 0x000000009b700000, 0x000000009b700000|100%| E|CS|TAMS 0x000000009b600000, 0x000000009b600000| Complete 
| 275|0x000000009b700000, 0x000000009b800000, 0x000000009b800000|100%| E|CS|TAMS 0x000000009b700000, 0x000000009b700000| Complete 
| 276|0x000000009b800000, 0x000000009b900000, 0x000000009b900000|100%| E|CS|TAMS 0x000000009b800000, 0x000000009b800000| Complete 
| 277|0x000000009b900000, 0x000000009ba00000, 0x000000009ba00000|100%| E|CS|TAMS 0x000000009b900000, 0x000000009b900000| Complete 
| 278|0x000000009ba00000, 0x000000009bb00000, 0x000000009bb00000|100%| E|CS|TAMS 0x000000009ba00000, 0x000000009ba00000| Complete 
| 279|0x000000009bb00000, 0x000000009bc00000, 0x000000009bc00000|100%| E|CS|TAMS 0x000000009bb00000, 0x000000009bb00000| Complete 

Card table byte_map: [0x00000233d2b60000,0x00000233d2f10000] _byte_map_base: 0x00000233d270e000

Marking Bits (Prev, Next): (CMBitMap*) 0x00000233c7685bf0, (CMBitMap*) 0x00000233c7685bb0
 Prev Bits: [0x00000233d5030000, 0x00000233d6da0000)
 Next Bits: [0x00000233d32c0000, 0x00000233d5030000)

Polling page: 0x00000233c5400000

Metaspace:

Usage:
  Non-class:     77.37 MB used.
      Class:     13.13 MB used.
       Both:     90.50 MB used.

Virtual space:
  Non-class space:      128.00 MB reserved,      77.69 MB ( 61%) committed,  2 nodes.
      Class space:        1.00 GB reserved,      13.38 MB (  1%) committed,  1 nodes.
             Both:        1.12 GB reserved,      91.06 MB (  8%) committed. 

Chunk freelists:
   Non-Class:  2.25 MB
       Class:  2.57 MB
        Both:  4.83 MB

MaxMetaspaceSize: unlimited
CompressedClassSpaceSize: 1.00 GB
Initial GC threshold: 21.00 MB
Current GC threshold: 150.56 MB
CDS: on
MetaspaceReclaimPolicy: balanced
 - commit_granule_bytes: 65536.
 - commit_granule_words: 8192.
 - virtual_space_node_default_size: 8388608.
 - enlarge_chunks_in_place: 1.
 - new_chunks_are_fully_committed: 0.
 - uncommit_free_chunks: 1.
 - use_allocation_guard: 0.
 - handle_deallocations: 1.


Internal statistics:

num_allocs_failed_limit: 9.
num_arena_births: 1174.
num_arena_deaths: 334.
num_vsnodes_births: 3.
num_vsnodes_deaths: 0.
num_space_committed: 1457.
num_space_uncommitted: 0.
num_chunks_returned_to_freelist: 414.
num_chunks_taken_from_freelist: 4930.
num_chunk_merges: 123.
num_chunk_splits: 3412.
num_chunks_enlarged: 2619.
num_inconsistent_stats: 0.

CodeCache: size=49152Kb used=18019Kb max_used=20149Kb free=31132Kb
 bounds [0x00000233cf140000, 0x00000233d0550000, 0x00000233d2140000]
 total_blobs=11711 nmethods=10899 adapters=738
 compilation: enabled
              stopped_count=0, restarted_count=0
 full_count=0

Compilation events (20 events):
Event: 497.615 Thread 0x00000233d96b5680 nmethod 11081 0x00000233cf80a910 code [0x00000233cf80aaa0, 0x00000233cf80ab78]
Event: 497.615 Thread 0x00000233d96b5680 11082       1       ch.qos.logback.classic.Level::toString (5 bytes)
Event: 497.616 Thread 0x00000233d96b5680 nmethod 11082 0x00000233cf80a610 code [0x00000233cf80a7a0, 0x00000233cf80a878]
Event: 497.621 Thread 0x00000233d96b5680 11083       1       java.time.LocalDate::<init> (22 bytes)
Event: 497.621 Thread 0x00000233d96b5680 nmethod 11083 0x00000233cf80a310 code [0x00000233cf80a4a0, 0x00000233cf80a578]
Event: 497.625 Thread 0x00000233d96b5680 11084   !   1       org.springframework.beans.factory.support.DefaultSingletonBeanRegistry::destroyBean (346 bytes)
Event: 497.627 Thread 0x00000233d96b5680 nmethod 11084 0x00000233cf808d90 code [0x00000233cf8090c0, 0x00000233cf809bb8]
Event: 497.687 Thread 0x00000233d96b5680 11085       1       org.hibernate.service.spi.ServiceBinding::getLifecycleOwner (5 bytes)
Event: 497.689 Thread 0x00000233d96b5680 nmethod 11085 0x00000233cf808a90 code [0x00000233cf808c20, 0x00000233cf808cf8]
Event: 497.797 Thread 0x00000233d96b5680 11086 %     1       java.util.Properties$LineReader::readLine @ 224 (584 bytes)
Event: 497.801 Thread 0x00000233d96b5680 nmethod 11086% 0x00000233cf806b10 code [0x00000233cf806da0, 0x00000233cf8080d8]
Event: 497.835 Thread 0x00000233d96b5680 11088   !   1       java.net.Socket::isClosed (19 bytes)
Event: 497.835 Thread 0x00000233d96b5680 nmethod 11088 0x00000233cf806310 code [0x00000233cf8064a0, 0x00000233cf806638]
Event: 497.835 Thread 0x00000233d96b5680 11089       1       com.mysql.cj.protocol.AbstractSocketConnection::getMysqlSocket (5 bytes)
Event: 497.836 Thread 0x00000233d96b5680 nmethod 11089 0x00000233cf806010 code [0x00000233cf8061a0, 0x00000233cf806278]
Event: 497.927 Thread 0x00000233d96b5680 11090       1       java.lang.invoke.LambdaFormEditor::getInCache (165 bytes)
Event: 497.933 Thread 0x00000233d96b5680 nmethod 11090 0x00000233cf805610 code [0x00000233cf805800, 0x00000233cf805d28]
Event: 497.940 Thread 0x00000233d96b5680 11091       1       org.apache.juli.logging.DirectJDKLog::isDebugEnabled (11 bytes)
Event: 497.941 Thread 0x00000233d96b5680 nmethod 11091 0x00000233cf805210 code [0x00000233cf8053a0, 0x00000233cf8054b8]
Event: 497.941 Thread 0x00000233d96b5680 11092  s    1       org.apache.catalina.util.LifecycleBase::setStateInternal (144 bytes)

GC Heap History (20 events):
Event: 38.878 GC heap after
{Heap after GC invocations=29 (full 0):
 garbage-first heap   total 143360K, used 64973K [0x000000008a400000, 0x0000000100000000)
  region size 1024K, 1 young (1024K), 1 survivors (1024K)
 Metaspace       used 81462K, committed 82112K, reserved 1179648K
  class space    used 11780K, committed 12096K, reserved 1048576K
}
Event: 39.623 GC heap before
{Heap before GC invocations=29 (full 0):
 garbage-first heap   total 143360K, used 118221K [0x000000008a400000, 0x0000000100000000)
  region size 1024K, 53 young (54272K), 1 survivors (1024K)
 Metaspace       used 86379K, committed 86976K, reserved 1179648K
  class space    used 12446K, committed 12736K, reserved 1048576K
}
Event: 39.627 GC heap after
{Heap after GC invocations=30 (full 0):
 garbage-first heap   total 143360K, used 66499K [0x000000008a400000, 0x0000000100000000)
  region size 1024K, 3 young (3072K), 3 survivors (3072K)
 Metaspace       used 86379K, committed 86976K, reserved 1179648K
  class space    used 12446K, committed 12736K, reserved 1048576K
}
Event: 104.320 GC heap before
{Heap before GC invocations=30 (full 0):
 garbage-first heap   total 143360K, used 118723K [0x000000008a400000, 0x0000000100000000)
  region size 1024K, 54 young (55296K), 3 survivors (3072K)
 Metaspace       used 87944K, committed 88768K, reserved 1179648K
  class space    used 12717K, committed 13120K, reserved 1048576K
}
Event: 105.010 GC heap after
{Heap after GC invocations=31 (full 0):
 garbage-first heap   total 143360K, used 67738K [0x000000008a400000, 0x0000000100000000)
  region size 1024K, 4 young (4096K), 4 survivors (4096K)
 Metaspace       used 87944K, committed 88768K, reserved 1179648K
  class space    used 12717K, committed 13120K, reserved 1048576K
}
Event: 164.743 GC heap before
{Heap before GC invocations=31 (full 0):
 garbage-first heap   total 143360K, used 92314K [0x000000008a400000, 0x0000000100000000)
  region size 1024K, 28 young (28672K), 4 survivors (4096K)
 Metaspace       used 87944K, committed 88768K, reserved 1179648K
  class space    used 12717K, committed 13120K, reserved 1048576K
}
Event: 164.788 GC heap after
{Heap after GC invocations=32 (full 0):
 garbage-first heap   total 143360K, used 68012K [0x000000008a400000, 0x0000000100000000)
  region size 1024K, 2 young (2048K), 2 survivors (2048K)
 Metaspace       used 87944K, committed 88768K, reserved 1179648K
  class space    used 12717K, committed 13120K, reserved 1048576K
}
Event: 241.816 GC heap before
{Heap before GC invocations=32 (full 0):
 garbage-first heap   total 143360K, used 120236K [0x000000008a400000, 0x0000000100000000)
  region size 1024K, 54 young (55296K), 2 survivors (2048K)
 Metaspace       used 91451K, committed 92160K, reserved 1179648K
  class space    used 13237K, committed 13568K, reserved 1048576K
}
Event: 241.845 GC heap after
{Heap after GC invocations=33 (full 0):
 garbage-first heap   total 143360K, used 68862K [0x000000008a400000, 0x0000000100000000)
  region size 1024K, 3 young (3072K), 3 survivors (3072K)
 Metaspace       used 91451K, committed 92160K, reserved 1179648K
  class space    used 13237K, committed 13568K, reserved 1048576K
}
Event: 333.883 GC heap before
{Heap before GC invocations=34 (full 0):
 garbage-first heap   total 143360K, used 122110K [0x000000008a400000, 0x0000000100000000)
  region size 1024K, 55 young (56320K), 3 survivors (3072K)
 Metaspace       used 92353K, committed 92992K, reserved 1179648K
  class space    used 13381K, committed 13696K, reserved 1048576K
}
Event: 335.159 GC heap after
{Heap after GC invocations=35 (full 0):
 garbage-first heap   total 143360K, used 69212K [0x000000008a400000, 0x0000000100000000)
  region size 1024K, 3 young (3072K), 3 survivors (3072K)
 Metaspace       used 92353K, committed 92992K, reserved 1179648K
  class space    used 13381K, committed 13696K, reserved 1048576K
}
Event: 344.308 GC heap before
{Heap before GC invocations=35 (full 0):
 garbage-first heap   total 143360K, used 73308K [0x000000008a400000, 0x0000000100000000)
  region size 1024K, 7 young (7168K), 3 survivors (3072K)
 Metaspace       used 92353K, committed 92992K, reserved 1179648K
  class space    used 13381K, committed 13696K, reserved 1048576K
}
Event: 344.342 GC heap after
{Heap after GC invocations=36 (full 0):
 garbage-first heap   total 286720K, used 67841K [0x000000008a400000, 0x0000000100000000)
  region size 1024K, 1 young (1024K), 1 survivors (1024K)
 Metaspace       used 92353K, committed 92992K, reserved 1179648K
  class space    used 13381K, committed 13696K, reserved 1048576K
}
Event: 373.615 GC heap before
{Heap before GC invocations=36 (full 0):
 garbage-first heap   total 286720K, used 81153K [0x000000008a400000, 0x0000000100000000)
  region size 1024K, 14 young (14336K), 1 survivors (1024K)
 Metaspace       used 92353K, committed 92992K, reserved 1179648K
  class space    used 13381K, committed 13696K, reserved 1048576K
}
Event: 373.642 GC heap after
{Heap after GC invocations=37 (full 0):
 garbage-first heap   total 286720K, used 66622K [0x000000008a400000, 0x0000000100000000)
  region size 1024K, 1 young (1024K), 1 survivors (1024K)
 Metaspace       used 92353K, committed 92992K, reserved 1179648K
  class space    used 13381K, committed 13696K, reserved 1048576K
}
Event: 402.735 GC heap before
{Heap before GC invocations=37 (full 0):
 garbage-first heap   total 286720K, used 79934K [0x000000008a400000, 0x0000000100000000)
  region size 1024K, 14 young (14336K), 1 survivors (1024K)
 Metaspace       used 92353K, committed 92992K, reserved 1179648K
  class space    used 13381K, committed 13696K, reserved 1048576K
}
Event: 402.772 GC heap after
{Heap after GC invocations=38 (full 0):
 garbage-first heap   total 286720K, used 63300K [0x000000008a400000, 0x0000000100000000)
  region size 1024K, 1 young (1024K), 1 survivors (1024K)
 Metaspace       used 92353K, committed 92992K, reserved 1179648K
  class space    used 13381K, committed 13696K, reserved 1048576K
}
Event: 431.830 GC heap before
{Heap before GC invocations=38 (full 0):
 garbage-first heap   total 286720K, used 76612K [0x000000008a400000, 0x0000000100000000)
  region size 1024K, 14 young (14336K), 1 survivors (1024K)
 Metaspace       used 92353K, committed 92992K, reserved 1179648K
  class space    used 13381K, committed 13696K, reserved 1048576K
}
Event: 431.855 GC heap after
{Heap after GC invocations=39 (full 0):
 garbage-first heap   total 286720K, used 61419K [0x000000008a400000, 0x0000000100000000)
  region size 1024K, 1 young (1024K), 1 survivors (1024K)
 Metaspace       used 92353K, committed 92992K, reserved 1179648K
  class space    used 13381K, committed 13696K, reserved 1048576K
}
Event: 497.943 GC heap before
{Heap before GC invocations=39 (full 0):
 garbage-first heap   total 286720K, used 102379K [0x000000008a400000, 0x0000000100000000)
  region size 1024K, 42 young (43008K), 1 survivors (1024K)
 Metaspace       used 92669K, committed 93248K, reserved 1179648K
  class space    used 13446K, committed 13696K, reserved 1048576K
}

Dll operation events (16 events):
Event: 0.028 Loaded shared library C:\Users\tann2\.jdks\ms-17.0.15\bin\java.dll
Event: 0.120 Loaded shared library C:\Users\tann2\.jdks\ms-17.0.15\bin\jsvml.dll
Event: 1.708 Loaded shared library C:\Users\tann2\.jdks\ms-17.0.15\bin\zip.dll
Event: 1.719 Loaded shared library C:\Users\tann2\.jdks\ms-17.0.15\bin\instrument.dll
Event: 1.738 Loaded shared library C:\Users\tann2\.jdks\ms-17.0.15\bin\net.dll
Event: 1.746 Loaded shared library C:\Users\tann2\.jdks\ms-17.0.15\bin\nio.dll
Event: 1.751 Loaded shared library C:\Users\tann2\.jdks\ms-17.0.15\bin\zip.dll
Event: 3.454 Loaded shared library C:\Users\tann2\.jdks\ms-17.0.15\bin\jimage.dll
Event: 3.470 Loaded shared library C:\Users\tann2\.jdks\ms-17.0.15\bin\extnet.dll
Event: 3.520 Loaded shared library C:\Users\tann2\.jdks\ms-17.0.15\bin\management.dll
Event: 3.546 Loaded shared library C:\Users\tann2\.jdks\ms-17.0.15\bin\management_ext.dll
Event: 10.315 Loaded shared library C:\Users\tann2\.jdks\ms-17.0.15\bin\sunmscapi.dll
Event: 23.989 Loaded shared library C:\Users\tann2\.jdks\ms-17.0.15\bin\verify.dll
Event: 34.360 Loaded shared library C:\Users\tann2\AppData\Local\Temp\opencv_openpnp9451253299033377227\nu\pattern\opencv\windows\x86_64\opencv_java470.dll
Event: 35.482 Loaded shared library C:\Users\tann2\AppData\Local\Temp\onnxruntime-java18173618608041965525\onnxruntime.dll
Event: 35.490 Loaded shared library C:\Users\tann2\AppData\Local\Temp\onnxruntime-java18173618608041965525\onnxruntime4j_jni.dll

Deoptimization events (20 events):
Event: 21.210 Thread 0x00000233dedbd140 DEOPT PACKING pc=0x00000233cf2c9564 sp=0x000000ffe0dff790
Event: 21.210 Thread 0x00000233dedbd140 DEOPT UNPACKING pc=0x00000233cf197143 sp=0x000000ffe0dfec38 mode 1
Event: 22.428 Thread 0x00000233df312da0 DEOPT PACKING pc=0x00000233cf91d96c sp=0x000000ffe1cfde00
Event: 22.428 Thread 0x00000233df312da0 DEOPT UNPACKING pc=0x00000233cf197143 sp=0x000000ffe1cfd2a0 mode 0
Event: 24.893 Thread 0x00000233df312da0 DEOPT PACKING pc=0x00000233cf707422 sp=0x000000ffe1cf8a30
Event: 24.894 Thread 0x00000233df312da0 DEOPT UNPACKING pc=0x00000233cf197143 sp=0x000000ffe1cf7f38 mode 3
Event: 24.894 Thread 0x00000233df312da0 DEOPT PACKING pc=0x00000233cf6fd79d sp=0x000000ffe1cf89f0
Event: 24.894 Thread 0x00000233df312da0 DEOPT UNPACKING pc=0x00000233cf197143 sp=0x000000ffe1cf7f38 mode 3
Event: 25.772 Thread 0x00000233df312da0 DEOPT PACKING pc=0x00000233cf4f3901 sp=0x000000ffe1cf9270
Event: 25.772 Thread 0x00000233df312da0 DEOPT UNPACKING pc=0x00000233cf197143 sp=0x000000ffe1cf8700 mode 3
Event: 25.772 Thread 0x00000233d9674700 DEOPT PACKING pc=0x00000233cf564597 sp=0x000000ffe25fef20
Event: 25.772 Thread 0x00000233d9674700 DEOPT UNPACKING pc=0x00000233cf197143 sp=0x000000ffe25fe378 mode 3
Event: 29.868 Thread 0x00000233df312da0 DEOPT PACKING pc=0x00000233cf4e271c sp=0x000000ffe1cfa870
Event: 29.868 Thread 0x00000233df312da0 DEOPT UNPACKING pc=0x00000233cf197143 sp=0x000000ffe1cf9dc8 mode 0
Event: 37.793 Thread 0x00000233df312da0 DEOPT PACKING pc=0x00000233d027baac sp=0x000000ffe1cfbfd0
Event: 37.793 Thread 0x00000233df312da0 DEOPT UNPACKING pc=0x00000233cf197143 sp=0x000000ffe1cfb598 mode 0
Event: 37.852 Thread 0x00000233df312da0 DEOPT PACKING pc=0x00000233d027baac sp=0x000000ffe1cfd600
Event: 37.852 Thread 0x00000233df312da0 DEOPT UNPACKING pc=0x00000233cf197143 sp=0x000000ffe1cfcbc8 mode 0
Event: 242.648 Thread 0x00000233e3dfe1d0 DEOPT PACKING pc=0x00000233cf74a54c sp=0x000000ffe37fa200
Event: 242.649 Thread 0x00000233e3dfe1d0 DEOPT UNPACKING pc=0x00000233cf197143 sp=0x000000ffe37f96c0 mode 0

Classes loaded (20 events):
Event: 497.697 Loading class java/util/AbstractMap$2
Event: 497.699 Loading class java/util/AbstractMap$2 done
Event: 497.704 Loading class java/util/AbstractMap$2$1
Event: 497.705 Loading class java/util/AbstractMap$2$1 done
Event: 497.778 Loading class java/security/InvalidKeyException
Event: 497.779 Loading class java/security/KeyException
Event: 497.780 Loading class java/security/KeyException done
Event: 497.780 Loading class java/security/InvalidKeyException done
Event: 497.780 Loading class java/security/SignatureException
Event: 497.780 Loading class java/security/SignatureException done
Event: 497.784 Loading class javax/net/ssl/SSLSocket
Event: 497.787 Loading class javax/net/ssl/SSLSocket done
Event: 497.787 Loading class java/security/spec/InvalidKeySpecException
Event: 497.787 Loading class java/security/spec/InvalidKeySpecException done
Event: 497.788 Loading class javax/crypto/NoSuchPaddingException
Event: 497.789 Loading class javax/crypto/NoSuchPaddingException done
Event: 497.789 Loading class javax/crypto/IllegalBlockSizeException
Event: 497.789 Loading class javax/crypto/IllegalBlockSizeException done
Event: 497.789 Loading class javax/crypto/BadPaddingException
Event: 497.790 Loading class javax/crypto/BadPaddingException done

Classes unloaded (20 events):
Event: 242.164 Thread 0x00000233d9686740 Unloading class 0x00000233810d4000 'java/lang/invoke/LambdaForm$MH+0x00000233810d4000'
Event: 242.164 Thread 0x00000233d9686740 Unloading class 0x00000233810c0800 'jdk/internal/reflect/GeneratedSerializationConstructorAccessor3'
Event: 242.164 Thread 0x00000233d9686740 Unloading class 0x00000233810c0400 'jdk/internal/reflect/GeneratedSerializationConstructorAccessor2'
Event: 242.164 Thread 0x00000233d9686740 Unloading class 0x00000233810c0000 'jdk/internal/reflect/GeneratedSerializationConstructorAccessor1'
Event: 242.164 Thread 0x00000233d9686740 Unloading class 0x0000023381009000 'java/lang/invoke/LambdaForm$DMH+0x0000023381009000'
Event: 242.164 Thread 0x00000233d9686740 Unloading class 0x0000023381008800 'java/lang/invoke/LambdaForm$DMH+0x0000023381008800'
Event: 242.164 Thread 0x00000233d9686740 Unloading class 0x0000023381007c00 'jdk/internal/reflect/GeneratedConstructorAccessor1'
Event: 242.164 Thread 0x00000233d9686740 Unloading class 0x0000023381007400 'java/lang/invoke/LambdaForm$MH+0x0000023381007400'
Event: 242.164 Thread 0x00000233d9686740 Unloading class 0x0000023381007000 'java/lang/invoke/LambdaForm$MH+0x0000023381007000'
Event: 242.164 Thread 0x00000233d9686740 Unloading class 0x0000023381006c00 'java/lang/invoke/LambdaForm$MH+0x0000023381006c00'
Event: 242.164 Thread 0x00000233d9686740 Unloading class 0x0000023381006800 'java/lang/invoke/LambdaForm$MH+0x0000023381006800'
Event: 242.164 Thread 0x00000233d9686740 Unloading class 0x0000023381006400 'java/lang/invoke/LambdaForm$MH+0x0000023381006400'
Event: 242.164 Thread 0x00000233d9686740 Unloading class 0x0000023381006000 'java/lang/invoke/LambdaForm$MH+0x0000023381006000'
Event: 242.164 Thread 0x00000233d9686740 Unloading class 0x0000023381005000 'java/lang/invoke/LambdaForm$MH+0x0000023381005000'
Event: 242.164 Thread 0x00000233d9686740 Unloading class 0x0000023381004c00 'java/lang/invoke/LambdaForm$MH+0x0000023381004c00'
Event: 242.164 Thread 0x00000233d9686740 Unloading class 0x0000023381004400 'java/lang/invoke/LambdaForm$MH+0x0000023381004400'
Event: 242.164 Thread 0x00000233d9686740 Unloading class 0x0000023381003800 'java/lang/invoke/LambdaForm$MH+0x0000023381003800'
Event: 242.164 Thread 0x00000233d9686740 Unloading class 0x0000023381003000 'java/lang/invoke/LambdaForm$MH+0x0000023381003000'
Event: 242.164 Thread 0x00000233d9686740 Unloading class 0x0000023381002800 'java/lang/invoke/LambdaForm$MH+0x0000023381002800'
Event: 242.164 Thread 0x00000233d9686740 Unloading class 0x0000023381002000 'java/lang/invoke/LambdaForm$MH+0x0000023381002000'

Classes redefined (0 events):
No events

Internal exceptions (20 events):
Event: 497.610 Thread 0x00000233e1d78bf0 Exception <a 'java/io/IOException'{0x00000000995efc78}> (0x00000000995efc78) 
thrown [s\src\hotspot\share\prims\jni.cpp, line 516]
Event: 497.612 Thread 0x00000233e1d78bf0 Exception <a 'java/io/IOException'{0x00000000995f3908}> (0x00000000995f3908) 
thrown [s\src\hotspot\share\prims\jni.cpp, line 516]
Event: 497.612 Thread 0x00000233e1d78bf0 Exception <a 'java/io/IOException'{0x00000000995f3f18}> (0x00000000995f3f18) 
thrown [s\src\hotspot\share\prims\jni.cpp, line 516]
Event: 497.612 Thread 0x00000233e1d78bf0 Exception <a 'java/io/IOException'{0x00000000995f5778}> (0x00000000995f5778) 
thrown [s\src\hotspot\share\prims\jni.cpp, line 516]
Event: 497.612 Thread 0x00000233e1d78bf0 Exception <a 'java/io/IOException'{0x00000000995f5d88}> (0x00000000995f5d88) 
thrown [s\src\hotspot\share\prims\jni.cpp, line 516]
Event: 497.615 Thread 0x00000233e1d78bf0 Exception <a 'java/io/IOException'{0x00000000995fb070}> (0x00000000995fb070) 
thrown [s\src\hotspot\share\prims\jni.cpp, line 516]
Event: 497.615 Thread 0x00000233e1d78bf0 Exception <a 'java/io/IOException'{0x00000000995fb680}> (0x00000000995fb680) 
thrown [s\src\hotspot\share\prims\jni.cpp, line 516]
Event: 497.618 Thread 0x00000233e1d78bf0 Exception <a 'java/io/IOException'{0x0000000099414f08}> (0x0000000099414f08) 
thrown [s\src\hotspot\share\prims\jni.cpp, line 516]
Event: 497.618 Thread 0x00000233e1d78bf0 Exception <a 'java/io/IOException'{0x0000000099415518}> (0x0000000099415518) 
thrown [s\src\hotspot\share\prims\jni.cpp, line 516]
Event: 497.618 Thread 0x00000233e1d78bf0 Exception <a 'java/io/IOException'{0x0000000099416b40}> (0x0000000099416b40) 
thrown [s\src\hotspot\share\prims\jni.cpp, line 516]
Event: 497.618 Thread 0x00000233e1d78bf0 Exception <a 'java/io/IOException'{0x0000000099417150}> (0x0000000099417150) 
thrown [s\src\hotspot\share\prims\jni.cpp, line 516]
Event: 497.620 Thread 0x00000233e1d78bf0 Exception <a 'java/io/IOException'{0x000000009941c2a8}> (0x000000009941c2a8) 
thrown [s\src\hotspot\share\prims\jni.cpp, line 516]
Event: 497.620 Thread 0x00000233e1d78bf0 Exception <a 'java/io/IOException'{0x000000009941c8b8}> (0x000000009941c8b8) 
thrown [s\src\hotspot\share\prims\jni.cpp, line 516]
Event: 497.636 Thread 0x00000233e1d78bf0 Exception <a 'java/io/IOException'{0x00000000994c0660}> (0x00000000994c0660) 
thrown [s\src\hotspot\share\prims\jni.cpp, line 516]
Event: 497.636 Thread 0x00000233e1d78bf0 Exception <a 'java/io/IOException'{0x00000000994c0c70}> (0x00000000994c0c70) 
thrown [s\src\hotspot\share\prims\jni.cpp, line 516]
Event: 497.727 Thread 0x00000233e1d78bf0 Exception <a 'java/io/IOException'{0x00000000994f0030}> (0x00000000994f0030) 
thrown [s\src\hotspot\share\prims\jni.cpp, line 516]
Event: 497.727 Thread 0x00000233e1d78bf0 Exception <a 'java/io/IOException'{0x00000000994f0640}> (0x00000000994f0640) 
thrown [s\src\hotspot\share\prims\jni.cpp, line 516]
Event: 497.842 Thread 0x00000233e1d78bf0 Exception <a 'java/io/IOException'{0x00000000994fe960}> (0x00000000994fe960) 
thrown [s\src\hotspot\share\prims\jni.cpp, line 516]
Event: 497.842 Thread 0x00000233e1d78bf0 Exception <a 'java/io/IOException'{0x00000000994fef70}> (0x00000000994fef70) 
thrown [s\src\hotspot\share\prims\jni.cpp, line 516]
Event: 497.939 Thread 0x00000233e1eab070 Exception <a 'java/lang/InterruptedException'{0x00000000993e9b90}: sleep interrupted> (0x00000000993e9b90) 
thrown [s\src\hotspot\share\prims\jvm.cpp, line 3064]

VM Operations (20 events):
Event: 344.342 Executing VM operation: G1CollectForAllocation done
Event: 360.748 Executing VM operation: HandshakeAllThreads
Event: 360.749 Executing VM operation: HandshakeAllThreads done
Event: 373.614 Executing VM operation: G1CollectForAllocation
Event: 373.642 Executing VM operation: G1CollectForAllocation done
Event: 402.735 Executing VM operation: G1CollectForAllocation
Event: 402.772 Executing VM operation: G1CollectForAllocation done
Event: 431.830 Executing VM operation: G1CollectForAllocation
Event: 431.855 Executing VM operation: G1CollectForAllocation done
Event: 492.426 Executing VM operation: Cleanup
Event: 492.434 Executing VM operation: Cleanup done
Event: 493.443 Executing VM operation: Cleanup
Event: 493.448 Executing VM operation: Cleanup done
Event: 494.454 Executing VM operation: Cleanup
Event: 494.473 Executing VM operation: Cleanup done
Event: 496.482 Executing VM operation: Cleanup
Event: 496.487 Executing VM operation: Cleanup done
Event: 497.493 Executing VM operation: Cleanup
Event: 497.493 Executing VM operation: Cleanup done
Event: 497.942 Executing VM operation: G1CollectFull

Memory protections (0 events):
No events

Nmethod flushes (20 events):
Event: 39.031 Thread 0x00000233d96bc4b0 flushing  nmethod 0x00000233cfff1d10
Event: 39.031 Thread 0x00000233d96bc4b0 flushing  nmethod 0x00000233cfffae10
Event: 39.031 Thread 0x00000233d96bc4b0 flushing  nmethod 0x00000233cfffc210
Event: 39.031 Thread 0x00000233d96bc4b0 flushing  nmethod 0x00000233cfffff90
Event: 39.031 Thread 0x00000233d96bc4b0 flushing  nmethod 0x00000233d0022e10
Event: 39.032 Thread 0x00000233d96bc4b0 flushing  nmethod 0x00000233d00be610
Event: 39.032 Thread 0x00000233d96bc4b0 flushing  nmethod 0x00000233d018fd90
Event: 39.032 Thread 0x00000233d96bc4b0 flushing  nmethod 0x00000233d01c9590
Event: 39.032 Thread 0x00000233d96bc4b0 flushing  nmethod 0x00000233d0226990
Event: 39.032 Thread 0x00000233d96bc4b0 flushing  nmethod 0x00000233d025de90
Event: 39.032 Thread 0x00000233d96bc4b0 flushing  nmethod 0x00000233d0279110
Event: 39.032 Thread 0x00000233d96bc4b0 flushing  nmethod 0x00000233d027a010
Event: 39.032 Thread 0x00000233d96bc4b0 flushing  nmethod 0x00000233d029b510
Event: 39.032 Thread 0x00000233d96bc4b0 flushing  nmethod 0x00000233d02a1210
Event: 39.032 Thread 0x00000233d96bc4b0 flushing  nmethod 0x00000233d02ac590
Event: 39.033 Thread 0x00000233d96bc4b0 flushing  nmethod 0x00000233d02ea410
Event: 39.033 Thread 0x00000233d96bc4b0 flushing  nmethod 0x00000233d02fc690
Event: 39.033 Thread 0x00000233d96bc4b0 flushing  nmethod 0x00000233d0325090
Event: 39.033 Thread 0x00000233d96bc4b0 flushing  nmethod 0x00000233d0335e10
Event: 39.033 Thread 0x00000233d96bc4b0 flushing  nmethod 0x00000233d0336a90

Events (20 events):
Event: 497.574 Thread 0x00000233e1d786e0 Thread exited: 0x00000233e1d786e0
Event: 497.574 Thread 0x00000233e1d772a0 Thread exited: 0x00000233e1d772a0
Event: 497.574 Thread 0x00000233e1d78bf0 Thread added: 0x00000233e1d79610
Event: 497.574 Thread 0x00000233e1d75950 Thread exited: 0x00000233e1d75950
Event: 497.574 Thread 0x00000233e1d74f30 Thread exited: 0x00000233e1d74f30
Event: 497.574 Thread 0x00000233e1d78bf0 Thread added: 0x00000233e1d79100
Event: 497.574 Thread 0x00000233e1d781d0 Thread exited: 0x00000233e1d781d0
Event: 497.574 Thread 0x00000233e1d77cc0 Thread exited: 0x00000233e1d77cc0
Event: 497.574 Thread 0x00000233e1d75440 Thread exited: 0x00000233e1d75440
Event: 497.574 Thread 0x00000233e1d75e60 Thread exited: 0x00000233e1d75e60
Event: 497.575 Thread 0x00000233e1d79610 Thread exited: 0x00000233e1d79610
Event: 497.575 Thread 0x00000233e1d79100 Thread exited: 0x00000233e1d79100
Event: 497.575 Thread 0x00000233e1d78bf0 Thread added: 0x00000233e1d75e60
Event: 497.576 Thread 0x00000233e1d75e60 Thread exited: 0x00000233e1d75e60
Event: 497.743 Thread 0x00000233e1d78bf0 Thread added: 0x00000233e1d74f30
Event: 497.747 Thread 0x00000233d9674700 Thread exited: 0x00000233d9674700
Event: 497.841 Thread 0x00000233e1d74f30 Thread exited: 0x00000233e1d74f30
Event: 497.938 Thread 0x00000233e1eae820 Thread exited: 0x00000233e1eae820
Event: 497.938 Thread 0x00000233e1eabfa0 Thread exited: 0x00000233e1eabfa0
Event: 497.939 Thread 0x00000233e1eab070 Thread exited: 0x00000233e1eab070


Dynamic libraries:
0x00007ff6226c0000 - 0x00007ff6226ce000 	C:\Users\tann2\.jdks\ms-17.0.15\bin\java.exe
0x00007fff6a260000 - 0x00007fff6a4c8000 	C:\WINDOWS\SYSTEM32\ntdll.dll
0x00007fff69360000 - 0x00007fff69429000 	C:\WINDOWS\System32\KERNEL32.DLL
0x00007fff67850000 - 0x00007fff67c41000 	C:\WINDOWS\System32\KERNELBASE.dll
0x00007fff67700000 - 0x00007fff6784b000 	C:\WINDOWS\System32\ucrtbase.dll
0x00007fff528a0000 - 0x00007fff528b7000 	C:\Users\tann2\.jdks\ms-17.0.15\bin\jli.dll
0x00007fff52810000 - 0x00007fff5282d000 	C:\Users\tann2\.jdks\ms-17.0.15\bin\VCRUNTIME140.dll
0x00007fff683b0000 - 0x00007fff68576000 	C:\WINDOWS\System32\USER32.dll
0x00007fff67570000 - 0x00007fff67597000 	C:\WINDOWS\System32\win32u.dll
0x00007fff69430000 - 0x00007fff6945b000 	C:\WINDOWS\System32\GDI32.dll
0x00007fff508f0000 - 0x00007fff50b83000 	C:\WINDOWS\WinSxS\amd64_microsoft.windows.common-controls_6595b64144ccf1df_6.0.26100.7824_none_3e0870b2e3345462\COMCTL32.dll
0x00007fff67440000 - 0x00007fff6756b000 	C:\WINDOWS\System32\gdi32full.dll
0x00007fff67650000 - 0x00007fff676f3000 	C:\WINDOWS\System32\msvcp_win.dll
0x00007fff68ce0000 - 0x00007fff68d89000 	C:\WINDOWS\System32\msvcrt.dll
0x00007fff69460000 - 0x00007fff69491000 	C:\WINDOWS\System32\IMM32.DLL
0x00007fff545a0000 - 0x00007fff545ac000 	C:\Users\tann2\.jdks\ms-17.0.15\bin\vcruntime140_1.dll
0x00007fff22a50000 - 0x00007fff22add000 	C:\Users\tann2\.jdks\ms-17.0.15\bin\msvcp140.dll
0x00007ffe8aeb0000 - 0x00007ffe8bb22000 	C:\Users\tann2\.jdks\ms-17.0.15\bin\server\jvm.dll
0x00007fff68e40000 - 0x00007fff68ef4000 	C:\WINDOWS\System32\ADVAPI32.dll
0x00007fff69120000 - 0x00007fff691c6000 	C:\WINDOWS\System32\sechost.dll
0x00007fff6a100000 - 0x00007fff6a218000 	C:\WINDOWS\System32\RPCRT4.dll
0x00007fff69980000 - 0x00007fff699f4000 	C:\WINDOWS\System32\WS2_32.dll
0x00007fff669a0000 - 0x00007fff669fe000 	C:\WINDOWS\SYSTEM32\POWRPROF.dll
0x00007fff5c6d0000 - 0x00007fff5c705000 	C:\WINDOWS\SYSTEM32\WINMM.dll
0x00007fff64ca0000 - 0x00007fff64cab000 	C:\WINDOWS\SYSTEM32\VERSION.dll
0x00007fff66980000 - 0x00007fff66994000 	C:\WINDOWS\SYSTEM32\UMPDC.dll
0x00007fff658e0000 - 0x00007fff658fb000 	C:\WINDOWS\SYSTEM32\kernel.appcore.dll
0x00007fff52eb0000 - 0x00007fff52eba000 	C:\Users\tann2\.jdks\ms-17.0.15\bin\jimage.dll
0x00007fff59510000 - 0x00007fff59752000 	C:\WINDOWS\SYSTEM32\DBGHELP.DLL
0x00007fff69b00000 - 0x00007fff69e86000 	C:\WINDOWS\System32\combase.dll
0x00007fff691d0000 - 0x00007fff692a7000 	C:\WINDOWS\System32\OLEAUT32.dll
0x00007fff4f850000 - 0x00007fff4f88b000 	C:\WINDOWS\SYSTEM32\dbgcore.DLL
0x00007fff675a0000 - 0x00007fff67645000 	C:\WINDOWS\System32\bcryptPrimitives.dll
0x00007fff63c60000 - 0x00007fff63c6e000 	C:\Users\tann2\.jdks\ms-17.0.15\bin\instrument.dll
0x00007fff22a20000 - 0x00007fff22a45000 	C:\Users\tann2\.jdks\ms-17.0.15\bin\java.dll
0x00007ffedf0b0000 - 0x00007ffedf186000 	C:\Users\tann2\.jdks\ms-17.0.15\bin\jsvml.dll
0x00007fff68580000 - 0x00007fff68cd2000 	C:\WINDOWS\System32\SHELL32.dll
0x00007fff67c50000 - 0x00007fff67dba000 	C:\WINDOWS\System32\wintypes.dll
0x00007fff66b40000 - 0x00007fff673a3000 	C:\WINDOWS\System32\windows.storage.dll
0x00007fff69a00000 - 0x00007fff69af6000 	C:\WINDOWS\System32\SHCORE.dll
0x00007fff68f00000 - 0x00007fff68f67000 	C:\WINDOWS\System32\shlwapi.dll
0x00007fff66a60000 - 0x00007fff66a89000 	C:\WINDOWS\SYSTEM32\profapi.dll
0x00007ffef3920000 - 0x00007ffef3938000 	C:\Users\tann2\.jdks\ms-17.0.15\bin\zip.dll
0x00007fff22a00000 - 0x00007fff22a1a000 	C:\Users\tann2\.jdks\ms-17.0.15\bin\net.dll
0x00007fff60300000 - 0x00007fff60427000 	C:\WINDOWS\SYSTEM32\WINHTTP.dll
0x00007fff65e50000 - 0x00007fff65ebb000 	C:\WINDOWS\system32\mswsock.dll
0x00007ffef5230000 - 0x00007ffef5246000 	C:\Users\tann2\.jdks\ms-17.0.15\bin\nio.dll
0x00007fff3e6b0000 - 0x00007fff3e6b9000 	C:\Users\tann2\.jdks\ms-17.0.15\bin\extnet.dll
0x00007fff653b0000 - 0x00007fff654dc000 	C:\WINDOWS\SYSTEM32\DNSAPI.dll
0x00007fff65370000 - 0x00007fff653a4000 	C:\WINDOWS\SYSTEM32\IPHLPAPI.DLL
0x00007fff692b0000 - 0x00007fff692ba000 	C:\WINDOWS\System32\NSI.dll
0x00007fff5f290000 - 0x00007fff5f29b000 	C:\Windows\System32\rasadhlp.dll
0x00007fff60c00000 - 0x00007fff60c86000 	C:\WINDOWS\System32\fwpuclnt.dll
0x00007fff53010000 - 0x00007fff5301a000 	C:\Users\tann2\.jdks\ms-17.0.15\bin\management.dll
0x00007fff53000000 - 0x00007fff5300b000 	C:\Users\tann2\.jdks\ms-17.0.15\bin\management_ext.dll
0x00007fff692c0000 - 0x00007fff692c8000 	C:\WINDOWS\System32\PSAPI.DLL
0x00007fff66120000 - 0x00007fff6613b000 	C:\WINDOWS\SYSTEM32\CRYPTSP.dll
0x00007fff65840000 - 0x00007fff65879000 	C:\WINDOWS\system32\rsaenh.dll
0x00007fff65f00000 - 0x00007fff65f2b000 	C:\WINDOWS\SYSTEM32\USERENV.dll
0x00007fff66a30000 - 0x00007fff66a5a000 	C:\WINDOWS\SYSTEM32\bcrypt.dll
0x00007fff66140000 - 0x00007fff6614c000 	C:\WINDOWS\SYSTEM32\CRYPTBASE.dll
0x00007fff60970000 - 0x00007fff6098e000 	C:\WINDOWS\SYSTEM32\dhcpcsvc6.DLL
0x00007fff604b0000 - 0x00007fff604d3000 	C:\WINDOWS\SYSTEM32\dhcpcsvc.DLL
0x00007fff3fa20000 - 0x00007fff3fa38000 	C:\WINDOWS\system32\napinsp.dll
0x00007fff447b0000 - 0x00007fff447c2000 	C:\WINDOWS\System32\winrnr.dll
0x00007fff44780000 - 0x00007fff447a2000 	C:\WINDOWS\system32\nlansp_c.dll
0x00007fff5e070000 - 0x00007fff5e086000 	C:\WINDOWS\system32\wshbth.dll
0x00007fff60fe0000 - 0x00007fff60fee000 	C:\Users\tann2\.jdks\ms-17.0.15\bin\sunmscapi.dll
0x00007fff67e80000 - 0x00007fff67ff7000 	C:\WINDOWS\System32\CRYPT32.dll
0x00007fff66340000 - 0x00007fff66370000 	C:\WINDOWS\SYSTEM32\ncrypt.dll
0x00007fff662f0000 - 0x00007fff6632f000 	C:\WINDOWS\SYSTEM32\NTASN1.dll
0x00007fff64590000 - 0x00007fff645a0000 	C:\Users\tann2\.jdks\ms-17.0.15\bin\verify.dll
0x00007ffe325c0000 - 0x00007ffe38e67000 	C:\Users\tann2\AppData\Local\Temp\opencv_openpnp9451253299033377227\nu\pattern\opencv\windows\x86_64\opencv_java470.dll
0x00007fff68f70000 - 0x00007fff69107000 	C:\WINDOWS\System32\ole32.dll
0x00007fff64450000 - 0x00007fff6458c000 	C:\WINDOWS\SYSTEM32\dxgi.dll
0x00007fff5ef30000 - 0x00007fff5f14b000 	C:\WINDOWS\SYSTEM32\MFPlat.DLL
0x00007fff5fb60000 - 0x00007fff5fbf9000 	C:\WINDOWS\SYSTEM32\MF.dll
0x00007fff2a5c0000 - 0x00007fff2a697000 	C:\WINDOWS\SYSTEM32\MFReadWrite.dll
0x00007fff666b0000 - 0x00007fff66707000 	C:\WINDOWS\SYSTEM32\cfgmgr32.dll
0x00007fff626b0000 - 0x00007fff62912000 	C:\WINDOWS\SYSTEM32\d3d11.dll
0x00007fff5f6a0000 - 0x00007fff5fab9000 	C:\WINDOWS\SYSTEM32\MFCORE.DLL
0x00007fff5edc0000 - 0x00007fff5edfc000 	C:\WINDOWS\SYSTEM32\RTWorkQ.DLL
0x00007ffe90eb0000 - 0x00007ffe91904000 	C:\Users\tann2\AppData\Local\Temp\onnxruntime-java18173618608041965525\onnxruntime.dll
0x00007fff52890000 - 0x00007fff52899000 	C:\WINDOWS\SYSTEM32\MSVCP140_1.dll
0x00007fff63bd0000 - 0x00007fff63be7000 	C:\Users\tann2\AppData\Local\Temp\onnxruntime-java18173618608041965525\onnxruntime4j_jni.dll
0x00007fff1f290000 - 0x00007fff1f298000 	C:\WINDOWS\system32\wshunix.dll

dbghelp: loaded successfully - version: 4.0.5 - missing functions: none
symbol engine: initialized successfully - sym options: 0x614 - pdb path: .;C:\Users\tann2\.jdks\ms-17.0.15\bin;C:\WINDOWS\SYSTEM32;C:\WINDOWS\WinSxS\amd64_microsoft.windows.common-controls_6595b64144ccf1df_6.0.26100.7824_none_3e0870b2e3345462;C:\Users\tann2\.jdks\ms-17.0.15\bin\server;C:\Users\tann2\AppData\Local\Temp\opencv_openpnp9451253299033377227\nu\pattern\opencv\windows\x86_64;C:\Users\tann2\AppData\Local\Temp\onnxruntime-java18173618608041965525

VM Arguments:
jvm_args: -XX:TieredStopAtLevel=1 -Dspring.output.ansi.enabled=always -Dcom.sun.management.jmxremote -Dspring.jmx.enabled=true -Dspring.liveBeansView.mbeanDomain -Dspring.application.admin.enabled=true -Dmanagement.endpoints.jmx.exposure.include=* -javaagent:D:\Intelliji\IntelliJ IDEA 2025.1.3\lib\idea_rt.jar=55968 -Dfile.encoding=UTF-8 
java_command: com.example.camerasurveillancesystem.CameraSurveillanceSystemApplication
java_class_path (initial): D:\Camera Surveillance System_one\Camera _Surveillance _System\target\classes;C:\Users\tann2\.m2\repository\org\springframework\boot\spring-boot-starter-web\3.2.5\spring-boot-starter-web-3.2.5.jar;C:\Users\tann2\.m2\repository\org\springframework\boot\spring-boot-starter\3.2.5\spring-boot-starter-3.2.5.jar;C:\Users\tann2\.m2\repository\org\springframework\boot\spring-boot-starter-logging\3.2.5\spring-boot-starter-logging-3.2.5.jar;C:\Users\tann2\.m2\repository\ch\qos\logback\logback-classic\1.4.14\logback-classic-1.4.14.jar;C:\Users\tann2\.m2\repository\ch\qos\logback\logback-core\1.4.14\logback-core-1.4.14.jar;C:\Users\tann2\.m2\repository\org\apache\logging\log4j\log4j-to-slf4j\2.21.1\log4j-to-slf4j-2.21.1.jar;C:\Users\tann2\.m2\repository\org\apache\logging\log4j\log4j-api\2.21.1\log4j-api-2.21.1.jar;C:\Users\tann2\.m2\repository\org\slf4j\jul-to-slf4j\2.0.13\jul-to-slf4j-2.0.13.jar;C:\Users\tann2\.m2\repository\jakarta\annotation\jakarta.annotation-api\2.1.1\jakarta.annotation-api-2.1.1.jar;C:\Users\tann2\.m2\repository\org\yaml\snakeyaml\2.2\snakeyaml-2.2.jar;C:\Users\tann2\.m2\repository\org\springframework\boot\spring-boot-starter-json\3.2.5\spring-boot-starter-json-3.2.5.jar;C:\Users\tann2\.m2\repository\com\fasterxml\jackson\datatype\jackson-datatype-jdk8\2.15.4\jackson-datatype-jdk8-2.15.4.jar;C:\Users\tann2\.m2\repository\com\fasterxml\jackson\datatype\jackson-datatype-jsr310\2.15.4\jackson-datatype-jsr310-2.15.4.jar;C:\Users\tann2\.m2\repository\com\fasterxml\jackson\module\jackson-module-parameter-names\2.15.4\jackson-module-parameter-names-2.15.4.jar;C:\Users\tann2\.m2\repository\org\springframework\boot\spring-boot-starter-tomcat\3.2.5\spring-boot-starter-tomcat-3.2.5.jar;C:\Users\tann2\.m2\repository\org\apache\tomcat\embed\tomcat-embed-core\10.1.20\tomcat-embed-core-10.1.20.jar;C:\Users\tann2\.m2\repository\org\apache\tomcat\embed\tomcat-embed-websocket\10.1.20\tomcat-embed-websocket-10.1.20.jar;C:\Users\tann2\.m2\reposi
Launcher Type: SUN_STANDARD

[Global flags]
     intx CICompilerCount                          = 12                                        {product} {ergonomic}
     uint ConcGCThreads                            = 3                                         {product} {ergonomic}
     uint G1ConcRefinementThreads                  = 13                                        {product} {ergonomic}
   size_t G1HeapRegionSize                         = 1048576                                   {product} {ergonomic}
    uintx GCDrainStackTargetSize                   = 64                                        {product} {ergonomic}
   size_t InitialHeapSize                          = 123731968                                 {product} {ergonomic}
     bool ManagementServer                         = true                                      {product} {command line}
   size_t MarkStackSize                            = 4194304                                   {product} {ergonomic}
   size_t MaxHeapSize                              = 1975517184                                {product} {ergonomic}
   size_t MaxNewSize                               = 1184890880                                {product} {ergonomic}
   size_t MinHeapDeltaBytes                        = 1048576                                   {product} {ergonomic}
   size_t MinHeapSize                              = 8388608                                   {product} {ergonomic}
    uintx NonProfiledCodeHeapSize                  = 0                                      {pd product} {ergonomic}
     bool ProfileInterpreter                       = false                                  {pd product} {command line}
    uintx ProfiledCodeHeapSize                     = 0                                      {pd product} {ergonomic}
   size_t SoftMaxHeapSize                          = 1975517184                             {manageable} {ergonomic}
     intx TieredStopAtLevel                        = 1                                         {product} {command line}
     bool UseCompressedClassPointers               = true                           {product lp64_product} {ergonomic}
     bool UseCompressedOops                        = true                           {product lp64_product} {ergonomic}
     bool UseG1GC                                  = true                                      {product} {ergonomic}
     bool UseLargePagesIndividualAllocation        = false                                  {pd product} {ergonomic}

Logging:
Log output configuration:
 #0: stdout all=warning uptime,level,tags
 #1: stderr all=off uptime,level,tags

Environment Variables:
PATH=C:\Python\Scripts\;C:\Python\;C:\Program Files\Common Files\Oracle\Java\javapath;C:\Windows\system32;C:\Windows;C:\Windows\System32\Wbem;C:\Windows\System32\WindowsPowerShell\v1.0\;C:\Windows\System32\OpenSSH\;C:\Program Files (x86)\NVIDIA Corporation\PhysX\Common;C:\Program Files\NVIDIA Corporation\NVIDIA NvDLISR;C:\WINDOWS\system32;C:\WINDOWS;C:\WINDOWS\System32\Wbem;C:\WINDOWS\System32\WindowsPowerShell\v1.0\;C:\WINDOWS\System32\OpenSSH\;C:\Program Files\dotnet\;C:\Program Files (x86)\Microsoft SQL Server\160\Tools\Binn\;C:\Program Files\Microsoft SQL Server\160\Tools\Binn\;C:\Program Files\Microsoft SQL Server\Client SDK\ODBC\170\Tools\Binn\;C:\Program Files\Microsoft SQL Server\160\DTS\Binn\;C:\Program Files\Docker\Docker\resources\bin;C:\Program Files\Docker\Docker\resources\bin\docker-compose.exe;C:\laragon\bin\php\php-8.3.16-Win32-vs16-x64\;C:\Program Files\Git\cmd;C:\Program Files\Git\bin;C:\Program Files\;C:\Program Files\Microsoft SQL Server\150\Tools\Binn\;D:\apache-maven-3.9.9\bin;C:\Program Files (x86)\GtkSharp\2.12\bin;C:\Program Files\Microsoft SQL Server\130\Tools\Binn\;C:\ffmpeg-master-latest-win64-gpl-shared\bin;C:\Users\tann2\AppData\Local\Programs\Python\Python311\Scripts\;C:\Users\tann2\AppData\Local\Programs\Python\Python311\;C:\Users\tann2\AppData\Local\Microsoft\WindowsApps;C:\Users\tann2\AppData\Local\Programs\Microsoft VS Code\bin;C:\Program Files\JetBrains\IntelliJ IDEA Community Edition 2024.3.4\bin;;C:\laragon\bin\php\php-8.3.16-Win32-vs16-x64;C:\Users\tann2\AppData\Local\ComposerSetup\bin;C:\Users\tann2\AppData\Roaming\Composer\vendor\bin;C:\Users\tann2\AppData\Roaming\npm;C:\Users\tann2\AppData\Local\Microsoft\WinGet\Packages\Schniz.fnm_Microsoft.Winget.Source_8wekyb3d8bbwe;D:\apache-maven-3.9.9\bin;;D:\Intelliji\IntelliJ IDEA 2025.1.3\bin;;C:\Python\PyCharm 2025.2.1.1\bin
USERNAME=tann2
OS=Windows_NT
PROCESSOR_IDENTIFIER=AMD64 Family 25 Model 80 Stepping 0, AuthenticAMD
TMP=C:\Users\tann2\AppData\Local\Temp
TEMP=C:\Users\tann2\AppData\Local\Temp



Periodic native trim disabled


---------------  S Y S T E M  ---------------

OS:
 Windows 11 , 64 bit Build 26100 (10.0.26100.7705)
OS uptime: 2 days 5:28 hours
Hyper-V role detected

CPU: total 16 (initial active 16) (16 cores per cpu, 2 threads per core) family 25 model 80 stepping 0 microcode 0xa500011, cx8, cmov, fxsr, ht, mmx, 3dnowpref, sse, sse2, sse3, ssse3, sse4a, sse4.1, sse4.2, popcnt, lzcnt, tsc, tscinvbit, avx, avx2, aes, erms, clmul, bmi1, bmi2, adx, sha, fma, vzeroupper, clflush, clflushopt, hv
Processor Information for processor 0
  Max Mhz: 3201, Current Mhz: 3201, Mhz Limit: 3201
Processor Information for processor 1
  Max Mhz: 3201, Current Mhz: 3201, Mhz Limit: 3201
Processor Information for processor 2
  Max Mhz: 3201, Current Mhz: 3201, Mhz Limit: 3201
Processor Information for processor 3
  Max Mhz: 3201, Current Mhz: 3201, Mhz Limit: 3201
Processor Information for processor 4
  Max Mhz: 3201, Current Mhz: 3201, Mhz Limit: 3201
Processor Information for processor 5
  Max Mhz: 3201, Current Mhz: 2555, Mhz Limit: 3201
Processor Information for processor 6
  Max Mhz: 3201, Current Mhz: 3201, Mhz Limit: 3201
Processor Information for processor 7
  Max Mhz: 3201, Current Mhz: 2555, Mhz Limit: 3201
Processor Information for processor 8
  Max Mhz: 3201, Current Mhz: 3201, Mhz Limit: 3201
Processor Information for processor 9
  Max Mhz: 3201, Current Mhz: 2555, Mhz Limit: 3201
Processor Information for processor 10
  Max Mhz: 3201, Current Mhz: 2555, Mhz Limit: 3201
Processor Information for processor 11
  Max Mhz: 3201, Current Mhz: 3201, Mhz Limit: 3201
Processor Information for processor 12
  Max Mhz: 3201, Current Mhz: 2555, Mhz Limit: 3201
Processor Information for processor 13
  Max Mhz: 3201, Current Mhz: 3201, Mhz Limit: 3201
Processor Information for processor 14
  Max Mhz: 3201, Current Mhz: 2555, Mhz Limit: 3201
Processor Information for processor 15
  Max Mhz: 3201, Current Mhz: 3201, Mhz Limit: 3201

Memory: 4k page, system-wide physical 7528M (24M free)
TotalPageFile size 31080M (AvailPageFile size 20M)
current process WorkingSet (physical memory assigned to process): 47M, peak: 354M
current process commit charge ("private bytes"): 598M, peak: 601M

vm_info: OpenJDK 64-Bit Server VM (17.0.15+6-LTS) for windows-amd64 JRE (17.0.15+6-LTS), built on Apr  9 2025 22:27:25 by "MicrosoftCorporation" with unknown MS VC++:1939

END.
